# hmmsearch :: search profile(s) against a sequence database
# HMMER 3.1b2 (February 2015); http://hmmer.org/
# Copyright (C) 2015 Howard Hughes Medical Institute.
# Freely distributed under the GNU General Public License (GPLv3).
# - - - - - - - - - - - - - - - - - - - - - - - - - - - - - - - - - - - -
# query HMM file:                  all.hmm
# target sequence database:        uniprot-proteome_UP000005640.fasta
# per-seq hits tabular output:     t
# max ASCII text line length:      unlimited
# sequence reporting threshold:    E-value <= 1e-05
# sequence inclusion threshold:    E-value <= 1e-05
# Max sensitivity mode:            on [all heuristic filters off]
# number of worker threads:        8
# - - - - - - - - - - - - - - - - - - - - - - - - - - - - - - - - - - - -

Query:       adipose  [M=30]
Scores for complete sequences (score includes all domains):
   --- full sequence ---   --- best 1 domain ---    -#dom-
    E-value  score  bias    E-value  score  bias    exp  N  Sequence              Description
    ------- ------ -----    ------- ------ -----   ---- --  --------              -----------
    7.6e-12   46.7   0.7    1.8e-11   45.5   0.7    1.7  1  sp|Q9N2K0|ENH1_HUMAN   HERV-H_2q24.3 provirus ancestral Env polyprotein OS=Homo sapiens OX=9606 PE=2 SV=1
      1e-08   36.7   0.2    3.2e-08   35.1   0.2    2.0  1  sp|Q9UQF0|SYCY1_HUMAN  Syncytin-1 OS=Homo sapiens OX=9606 GN=ERVW-1 PE=1 SV=1
    3.1e-07   32.0   0.8    6.5e-07   30.9   0.8    1.6  1  sp|P60508|SYCY2_HUMAN  Syncytin-2 OS=Homo sapiens OX=9606 GN=ERVFRD-1 PE=1 SV=1
    3.9e-06   28.4   0.3    1.1e-05   27.0   0.1    1.9  2  sp|P60507|EFC1_HUMAN   Endogenous retrovirus group FC1 Env polyprotein OS=Homo sapiens OX=9606 GN=ERVFC1 PE=1 SV=1


Domain annotation for each sequence (and alignments):
>> sp|Q9N2K0|ENH1_HUMAN  HERV-H_2q24.3 provirus ancestral Env polyprotein OS=Homo sapiens OX=9606 PE=2 SV=1
   #    score  bias  c-Evalue  i-Evalue hmmfrom  hmm to    alifrom  ali to    envfrom  env to     acc
 ---   ------ ----- --------- --------- ------- -------    ------- -------    ------- -------    ----
   1 !   45.5   0.7   9.6e-16   1.8e-11       1      30 []     456     485 ..     456     485 .. 0.98

  Alignments for each domain:
  == domain 1  score: 45.5 bits;  conditional E-value: 9.6e-16
               adipose   1 NHRGLeNlTAETGflCIFLeDQCCWDvNQS 30 
                           N RGL+ lTAE G+lCIFL+  CC   NQS
  sp|Q9N2K0|ENH1_HUMAN 456 NRRGLDLLTAEKGGLCIFLNEECCFYLNQS 485
                           89***************************9 PP

>> sp|Q9UQF0|SYCY1_HUMAN  Syncytin-1 OS=Homo sapiens OX=9606 GN=ERVW-1 PE=1 SV=1
   #    score  bias  c-Evalue  i-Evalue hmmfrom  hmm to    alifrom  ali to    envfrom  env to     acc
 ---   ------ ----- --------- --------- ------- -------    ------- -------    ------- -------    ----
   1 !   35.1   0.2   1.7e-12   3.2e-08       1      30 []     382     411 ..     382     411 .. 0.98

  Alignments for each domain:
  == domain 1  score: 35.1 bits;  conditional E-value: 1.7e-12
                adipose   1 NHRGLeNlTAETGflCIFLeDQCCWDvNQS 30 
                            N R L+ lTAE G+ C+FL   CC+ vNQS
  sp|Q9UQF0|SYCY1_HUMAN 382 NRRALDLLTAERGGTCLFLGEECCYYVNQS 411
                            88***************************9 PP

>> sp|P60508|SYCY2_HUMAN  Syncytin-2 OS=Homo sapiens OX=9606 GN=ERVFRD-1 PE=1 SV=1
   #    score  bias  c-Evalue  i-Evalue hmmfrom  hmm to    alifrom  ali to    envfrom  env to     acc
 ---   ------ ----- --------- --------- ------- -------    ------- -------    ------- -------    ----
   1 !   30.9   0.8   3.5e-11   6.5e-07       1      30 []     416     445 ..     416     445 .. 0.98

  Alignments for each domain:
  == domain 1  score: 30.9 bits;  conditional E-value: 3.5e-11
                adipose   1 NHRGLeNlTAETGflCIFLeDQCCWDvNQS 30 
                            N RGL+ lTA  G+ C+ L+  CC  vNQS
  sp|P60508|SYCY2_HUMAN 416 NRRGLDMLTAAQGGICLALDEKCCFWVNQS 445
                            89***************************9 PP

>> sp|P60507|EFC1_HUMAN  Endogenous retrovirus group FC1 Env polyprotein OS=Homo sapiens OX=9606 GN=ERVFC1 PE=1 SV=1
   #    score  bias  c-Evalue  i-Evalue hmmfrom  hmm to    alifrom  ali to    envfrom  env to     acc
 ---   ------ ----- --------- --------- ------- -------    ------- -------    ------- -------    ----
   1 ?   -3.0   0.0       1.5   2.7e+04       5      14 ..     320     329 ..     319     335 .. 0.77
   2 !   27.0   0.1   5.8e-10   1.1e-05       1      30 []     451     480 ..     451     480 .. 0.96

  Alignments for each domain:
  == domain 1  score: -3.0 bits;  conditional E-value: 1.5
               adipose   5 LeNlTAETGf 14 
                           L Nl A  G+
  sp|P60507|EFC1_HUMAN 320 LSNLSAPAGG 329
                           7899999997 PP

  == domain 2  score: 27.0 bits;  conditional E-value: 5.8e-10
               adipose   1 NHRGLeNlTAETGflCIFLeDQCCWDvNQS 30 
                           N R L+ lTA+ G+ C+FL   CC+ +N S
  sp|P60507|EFC1_HUMAN 451 NRRALDLLTADKGGTCMFLGEECCYYINES 480
                           88***********************99987 PP



Internal pipeline statistics summary:
-------------------------------------
Query model(s):                              1  (30 nodes)
Target sequences:                        74449  (25380033 residues searched)
Passed MSV filter:                     74449  (1); expected 74449.0 (1)
Passed bias filter:                    74449  (1); expected 74449.0 (1)
Passed Vit filter:                     74449  (1); expected 74449.0 (1)
Passed Fwd filter:                     74449  (1); expected 74449.0 (1)
Initial search space (Z):              74449  [actual number of targets]
Domain search space  (domZ):               4  [number of targets reported over threshold]
# CPU time: 7.17u 0.33s 00:00:07.50 Elapsed: 00:00:01.42
# Mc/sec: 536.20
//
Query:       bladder  [M=30]
Scores for complete sequences (score includes all domains):
   --- full sequence ---   --- best 1 domain ---    -#dom-
    E-value  score  bias    E-value  score  bias    exp  N  Sequence              Description
    ------- ------ -----    ------- ------ -----   ---- --  --------              -----------
    3.1e-10   41.7   3.2    3.1e-10   41.7   3.2    1.9  2  sp|Q9N2K0|ENH1_HUMAN   HERV-H_2q24.3 provirus ancestral Env polyprotein OS=Homo sapiens OX=9606 PE=2 SV=1
    1.9e-08   36.0   0.9    5.8e-08   34.5   0.9    1.9  1  sp|Q9UQF0|SYCY1_HUMAN  Syncytin-1 OS=Homo sapiens OX=9606 GN=ERVW-1 PE=1 SV=1
      9e-08   33.8   1.3    1.8e-07   32.9   1.3    1.5  1  sp|P60608|EFC2_HUMAN   Endogenous retrovirus group FC1 member 1 Env polyprotein OS=Homo sapiens OX=9606 GN=ERVFC1-1 PE=1 SV=1
    3.6e-07   31.9   0.4    3.6e-07   31.9   0.4    2.1  2  sp|P60507|EFC1_HUMAN   Endogenous retrovirus group FC1 Env polyprotein OS=Homo sapiens OX=9606 GN=ERVFC1 PE=1 SV=1
    3.8e-06   28.7   1.0    5.8e-06   28.1   0.2    1.8  2  sp|P60508|SYCY2_HUMAN  Syncytin-2 OS=Homo sapiens OX=9606 GN=ERVFRD-1 PE=1 SV=1


Domain annotation for each sequence (and alignments):
>> sp|Q9N2K0|ENH1_HUMAN  HERV-H_2q24.3 provirus ancestral Env polyprotein OS=Homo sapiens OX=9606 PE=2 SV=1
   #    score  bias  c-Evalue  i-Evalue hmmfrom  hmm to    alifrom  ali to    envfrom  env to     acc
 ---   ------ ----- --------- --------- ------- -------    ------- -------    ------- -------    ----
   1 ?   -4.1   0.2       4.3   6.3e+04      14      17 ..     164     167 ..     163     167 .. 0.88
   2 !   41.7   3.2   2.1e-14   3.1e-10       1      29 [.     456     484 ..     456     485 .. 0.98

  Alignments for each domain:
  == domain 1  score: -4.1 bits;  conditional E-value: 4.3
               bladder  14 PLCl 17 
                           PLC+
  sp|Q9N2K0|ENH1_HUMAN 164 PLCI 167
                           9**8 PP

  == domain 2  score: 41.7 bits;  conditional E-value: 2.1e-14
               bladder   1 NRQGLDLLNedTGPLClFLEDECCLevNQ 29 
                           NR GLDLL +  G LC+FL  ECC ++NQ
  sp|Q9N2K0|ENH1_HUMAN 456 NRRGLDLLTAEKGGLCIFLNEECCFYLNQ 484
                           9**************************** PP

>> sp|Q9UQF0|SYCY1_HUMAN  Syncytin-1 OS=Homo sapiens OX=9606 GN=ERVW-1 PE=1 SV=1
   #    score  bias  c-Evalue  i-Evalue hmmfrom  hmm to    alifrom  ali to    envfrom  env to     acc
 ---   ------ ----- --------- --------- ------- -------    ------- -------    ------- -------    ----
   1 !   34.5   0.9   3.9e-12   5.8e-08       1      29 [.     382     410 ..     382     411 .. 0.98

  Alignments for each domain:
  == domain 1  score: 34.5 bits;  conditional E-value: 3.9e-12
                bladder   1 NRQGLDLLNedTGPLClFLEDECCLevNQ 29 
                            NR  LDLL +  G  ClFL  ECC +vNQ
  sp|Q9UQF0|SYCY1_HUMAN 382 NRRALDLLTAERGGTCLFLGEECCYYVNQ 410
                            9**************************** PP

>> sp|P60608|EFC2_HUMAN  Endogenous retrovirus group FC1 member 1 Env polyprotein OS=Homo sapiens OX=9606 GN=ERVFC1-1 PE=1 SV=1
   #    score  bias  c-Evalue  i-Evalue hmmfrom  hmm to    alifrom  ali to    envfrom  env to     acc
 ---   ------ ----- --------- --------- ------- -------    ------- -------    ------- -------    ----
   1 !   32.9   1.3   1.2e-11   1.8e-07       1      28 [.     479     506 ..     479     508 .. 0.97

  Alignments for each domain:
  == domain 1  score: 32.9 bits;  conditional E-value: 1.2e-11
               bladder   1 NRQGLDLLNedTGPLClFLEDECCLevN 28 
                           NRQ LDLL +  G  ClFL  ECC ++N
  sp|P60608|EFC2_HUMAN 479 NRQALDLLMAEKGRTCLFLQEECCYYLN 506
                           9*************************99 PP

>> sp|P60507|EFC1_HUMAN  Endogenous retrovirus group FC1 Env polyprotein OS=Homo sapiens OX=9606 GN=ERVFC1 PE=1 SV=1
   #    score  bias  c-Evalue  i-Evalue hmmfrom  hmm to    alifrom  ali to    envfrom  env to     acc
 ---   ------ ----- --------- --------- ------- -------    ------- -------    ------- -------    ----
   1 ?   -2.9   1.3       1.8   2.7e+04      14      19 ..       6      11 ..       4      11 .. 0.86
   2 !   31.9   0.4   2.4e-11   3.6e-07       1      28 [.     451     478 ..     451     480 .. 0.97

  Alignments for each domain:
  == domain 1  score: -2.9 bits;  conditional E-value: 1.8
               bladder 14 PLClFL 19
                          PLCl L
  sp|P60507|EFC1_HUMAN  6 PLCLLL 11
                          9**987 PP

  == domain 2  score: 31.9 bits;  conditional E-value: 2.4e-11
               bladder   1 NRQGLDLLNedTGPLClFLEDECCLevN 28 
                           NR  LDLL +d G  C+FL  ECC ++N
  sp|P60507|EFC1_HUMAN 451 NRRALDLLTADKGGTCMFLGEECCYYIN 478
                           9**************************9 PP

>> sp|P60508|SYCY2_HUMAN  Syncytin-2 OS=Homo sapiens OX=9606 GN=ERVFRD-1 PE=1 SV=1
   #    score  bias  c-Evalue  i-Evalue hmmfrom  hmm to    alifrom  ali to    envfrom  env to     acc
 ---   ------ ----- --------- --------- ------- -------    ------- -------    ------- -------    ----
   1 !   28.1   0.2   3.9e-10   5.8e-06       1      29 [.     416     444 ..     416     445 .. 0.98
   2 ?   -3.9   0.0       3.8   5.6e+04      12      15 ..     487     490 ..     486     492 .. 0.88

  Alignments for each domain:
  == domain 1  score: 28.1 bits;  conditional E-value: 3.9e-10
                bladder   1 NRQGLDLLNedTGPLClFLEDECCLevNQ 29 
                            NR GLD+L +  G +Cl L+  CC  vNQ
  sp|P60508|SYCY2_HUMAN 416 NRRGLDMLTAAQGGICLALDEKCCFWVNQ 444
                            9**************************** PP

  == domain 2  score: -3.9 bits;  conditional E-value: 3.8
                bladder  12 TGPL 15 
                            TGPL
  sp|P60508|SYCY2_HUMAN 487 TGPL 490
                            9**9 PP



Internal pipeline statistics summary:
-------------------------------------
Query model(s):                              1  (30 nodes)
Target sequences:                        74449  (25380033 residues searched)
Passed MSV filter:                     74449  (1); expected 74449.0 (1)
Passed bias filter:                    74449  (1); expected 74449.0 (1)
Passed Vit filter:                     74449  (1); expected 74449.0 (1)
Passed Fwd filter:                     74449  (1); expected 74449.0 (1)
Initial search space (Z):              74449  [actual number of targets]
Domain search space  (domZ):               5  [number of targets reported over threshold]
# CPU time: 7.45u 0.44s 00:00:07.89 Elapsed: 00:00:01.80
# Mc/sec: 423.00
//
Query:       brain  [M=30]
Scores for complete sequences (score includes all domains):
   --- full sequence ---   --- best 1 domain ---    -#dom-
    E-value  score  bias    E-value  score  bias    exp  N  Sequence              Description
    ------- ------ -----    ------- ------ -----   ---- --  --------              -----------
      3e-18   67.4   1.9    7.2e-18   66.1   1.9    1.7  1  sp|Q9UQF0|SYCY1_HUMAN  Syncytin-1 OS=Homo sapiens OX=9606 GN=ERVW-1 PE=1 SV=1
    2.1e-16   61.5   3.5    2.1e-16   61.5   3.5    1.9  2  sp|Q9N2K0|ENH1_HUMAN   HERV-H_2q24.3 provirus ancestral Env polyprotein OS=Homo sapiens OX=9606 PE=2 SV=1
    3.8e-15   57.4   1.1    8.9e-15   56.2   1.1    1.7  1  sp|P60507|EFC1_HUMAN   Endogenous retrovirus group FC1 Env polyprotein OS=Homo sapiens OX=9606 GN=ERVFC1 PE=1 SV=1
      1e-11   46.5   2.3    1.9e-11   45.6   2.3    1.5  1  sp|P60608|EFC2_HUMAN   Endogenous retrovirus group FC1 member 1 Env polyprotein OS=Homo sapiens OX=9606 GN=ERVFC1-1 PE=1 SV=1
    1.8e-11   45.7   0.3    1.8e-11   45.7   0.3    2.0  2  sp|P60508|SYCY2_HUMAN  Syncytin-2 OS=Homo sapiens OX=9606 GN=ERVFRD-1 PE=1 SV=1


Domain annotation for each sequence (and alignments):
>> sp|Q9UQF0|SYCY1_HUMAN  Syncytin-1 OS=Homo sapiens OX=9606 GN=ERVW-1 PE=1 SV=1
   #    score  bias  c-Evalue  i-Evalue hmmfrom  hmm to    alifrom  ali to    envfrom  env to     acc
 ---   ------ ----- --------- --------- ------- -------    ------- -------    ------- -------    ----
   1 !   66.1   1.9   4.8e-22   7.2e-18       1      30 []     382     411 ..     382     411 .. 0.99

  Alignments for each domain:
  == domain 1  score: 66.1 bits;  conditional E-value: 4.8e-22
                  brain   1 NrkaLdLLTAErsGlClFLeEECCydHNQs 30 
                            Nr+aLdLLTAEr+G+ClFL+EECCy+ NQs
  sp|Q9UQF0|SYCY1_HUMAN 382 NRRALDLLTAERGGTCLFLGEECCYYVNQS 411
                            9****************************8 PP

>> sp|Q9N2K0|ENH1_HUMAN  HERV-H_2q24.3 provirus ancestral Env polyprotein OS=Homo sapiens OX=9606 PE=2 SV=1
   #    score  bias  c-Evalue  i-Evalue hmmfrom  hmm to    alifrom  ali to    envfrom  env to     acc
 ---   ------ ----- --------- --------- ------- -------    ------- -------    ------- -------    ----
   1 ?   -3.2   0.1       2.3   3.5e+04      10      16 ..     351     357 ..     349     362 .. 0.69
   2 !   61.5   3.5   1.4e-20   2.1e-16       1      30 []     456     485 ..     456     485 .. 0.99

  Alignments for each domain:
  == domain 1  score: -3.2 bits;  conditional E-value: 2.3
                 brain  10 AErsGlC 16 
                           A   G+C
  sp|Q9N2K0|ENH1_HUMAN 351 ANWTGTC 357
                           6778999 PP

  == domain 2  score: 61.5 bits;  conditional E-value: 1.4e-20
                 brain   1 NrkaLdLLTAErsGlClFLeEECCydHNQs 30 
                           Nr++LdLLTAE++GlC+FL+EECC++ NQs
  sp|Q9N2K0|ENH1_HUMAN 456 NRRGLDLLTAEKGGLCIFLNEECCFYLNQS 485
                           9****************************8 PP

>> sp|P60507|EFC1_HUMAN  Endogenous retrovirus group FC1 Env polyprotein OS=Homo sapiens OX=9606 GN=ERVFC1 PE=1 SV=1
   #    score  bias  c-Evalue  i-Evalue hmmfrom  hmm to    alifrom  ali to    envfrom  env to     acc
 ---   ------ ----- --------- --------- ------- -------    ------- -------    ------- -------    ----
   1 !   56.2   1.1     6e-19   8.9e-15       1      29 [.     451     479 ..     451     480 .. 0.95

  Alignments for each domain:
  == domain 1  score: 56.2 bits;  conditional E-value: 6e-19
                 brain   1 NrkaLdLLTAErsGlClFLeEECCydHNQ 29 
                           Nr+aLdLLTA ++G+C+FL+EECCy+ N 
  sp|P60507|EFC1_HUMAN 451 NRRALDLLTADKGGTCMFLGEECCYYINE 479
                           9************************9886 PP

>> sp|P60608|EFC2_HUMAN  Endogenous retrovirus group FC1 member 1 Env polyprotein OS=Homo sapiens OX=9606 GN=ERVFC1-1 PE=1 SV=1
   #    score  bias  c-Evalue  i-Evalue hmmfrom  hmm to    alifrom  ali to    envfrom  env to     acc
 ---   ------ ----- --------- --------- ------- -------    ------- -------    ------- -------    ----
   1 !   45.6   2.3   1.3e-15   1.9e-11       1      30 []     479     508 ..     479     508 .. 0.95

  Alignments for each domain:
  == domain 1  score: 45.6 bits;  conditional E-value: 1.3e-15
                 brain   1 NrkaLdLLTAErsGlClFLeEECCydHNQs 30 
                           Nr+aLdLL AE++ +ClFL+EECCy+ N s
  sp|P60608|EFC2_HUMAN 479 NRQALDLLMAEKGRTCLFLQEECCYYLNES 508
                           9************************98865 PP

>> sp|P60508|SYCY2_HUMAN  Syncytin-2 OS=Homo sapiens OX=9606 GN=ERVFRD-1 PE=1 SV=1
   #    score  bias  c-Evalue  i-Evalue hmmfrom  hmm to    alifrom  ali to    envfrom  env to     acc
 ---   ------ ----- --------- --------- ------- -------    ------- -------    ------- -------    ----
   1 ?   -2.6   0.2       1.4   2.2e+04      25      29 ..     161     165 ..     160     165 .. 0.91
   2 !   45.7   0.3   1.2e-15   1.8e-11       1      30 []     416     445 ..     416     445 .. 0.99

  Alignments for each domain:
  == domain 1  score: -2.6 bits;  conditional E-value: 1.4
                  brain  25 ydHNQ 29 
                            y HNQ
  sp|P60508|SYCY2_HUMAN 161 YTHNQ 165
                            99**9 PP

  == domain 2  score: 45.7 bits;  conditional E-value: 1.2e-15
                  brain   1 NrkaLdLLTAErsGlClFLeEECCydHNQs 30 
                            Nr++Ld+LTA ++G+Cl L+E CC+  NQs
  sp|P60508|SYCY2_HUMAN 416 NRRGLDMLTAAQGGICLALDEKCCFWVNQS 445
                            9****************************8 PP



Internal pipeline statistics summary:
-------------------------------------
Query model(s):                              1  (30 nodes)
Target sequences:                        74449  (25380033 residues searched)
Passed MSV filter:                     74449  (1); expected 74449.0 (1)
Passed bias filter:                    74449  (1); expected 74449.0 (1)
Passed Vit filter:                     74449  (1); expected 74449.0 (1)
Passed Fwd filter:                     74449  (1); expected 74449.0 (1)
Initial search space (Z):              74449  [actual number of targets]
Domain search space  (domZ):               5  [number of targets reported over threshold]
# CPU time: 7.06u 0.31s 00:00:07.36 Elapsed: 00:00:01.53
# Mc/sec: 497.65
//
Query:       cervix  [M=30]
Scores for complete sequences (score includes all domains):
   --- full sequence ---   --- best 1 domain ---    -#dom-
    E-value  score  bias    E-value  score  bias    exp  N  Sequence              Description
    ------- ------ -----    ------- ------ -----   ---- --  --------              -----------
    3.8e-13   51.0   4.4    7.7e-13   50.0   4.4    1.6  1  sp|Q9N2K0|ENH1_HUMAN   HERV-H_2q24.3 provirus ancestral Env polyprotein OS=Homo sapiens OX=9606 PE=2 SV=1
    1.2e-10   43.0   3.0    2.5e-10   42.0   3.0    1.6  1  sp|Q9UQF0|SYCY1_HUMAN  Syncytin-1 OS=Homo sapiens OX=9606 GN=ERVW-1 PE=1 SV=1
    2.4e-09   38.8   0.1    4.1e-09   38.1   0.1    1.4  1  sp|P60508|SYCY2_HUMAN  Syncytin-2 OS=Homo sapiens OX=9606 GN=ERVFRD-1 PE=1 SV=1
    3.1e-09   38.5   1.1    6.1e-09   37.6   1.1    1.5  1  sp|P60507|EFC1_HUMAN   Endogenous retrovirus group FC1 Env polyprotein OS=Homo sapiens OX=9606 GN=ERVFC1 PE=1 SV=1
    3.1e-07   32.1   1.5    7.1e-07   31.0   1.5    1.6  1  sp|P60608|EFC2_HUMAN   Endogenous retrovirus group FC1 member 1 Env polyprotein OS=Homo sapiens OX=9606 GN=ERVFC1-1 PE=1 SV=1


Domain annotation for each sequence (and alignments):
>> sp|Q9N2K0|ENH1_HUMAN  HERV-H_2q24.3 provirus ancestral Env polyprotein OS=Homo sapiens OX=9606 PE=2 SV=1
   #    score  bias  c-Evalue  i-Evalue hmmfrom  hmm to    alifrom  ali to    envfrom  env to     acc
 ---   ------ ----- --------- --------- ------- -------    ------- -------    ------- -------    ----
   1 !   50.0   4.4   5.1e-17   7.7e-13       1      30 []     456     485 ..     456     485 .. 0.98

  Alignments for each domain:
  == domain 1  score: 50.0 bits;  conditional E-value: 5.1e-17
                cervix   1 NRRGlDLLyFETGGLClFLEEECCfsVNtS 30 
                           NRRGlDLL  E GGLC+FL EECCf  N S
  sp|Q9N2K0|ENH1_HUMAN 456 NRRGLDLLTAEKGGLCIFLNEECCFYLNQS 485
                           9**************************987 PP

>> sp|Q9UQF0|SYCY1_HUMAN  Syncytin-1 OS=Homo sapiens OX=9606 GN=ERVW-1 PE=1 SV=1
   #    score  bias  c-Evalue  i-Evalue hmmfrom  hmm to    alifrom  ali to    envfrom  env to     acc
 ---   ------ ----- --------- --------- ------- -------    ------- -------    ------- -------    ----
   1 !   42.0   3.0   1.7e-14   2.5e-10       1      30 []     382     411 ..     382     411 .. 0.98

  Alignments for each domain:
  == domain 1  score: 42.0 bits;  conditional E-value: 1.7e-14
                 cervix   1 NRRGlDLLyFETGGLClFLEEECCfsVNtS 30 
                            NRR lDLL  E GG ClFL EECC+ VN S
  sp|Q9UQF0|SYCY1_HUMAN 382 NRRALDLLTAERGGTCLFLGEECCYYVNQS 411
                            9***************************98 PP

>> sp|P60508|SYCY2_HUMAN  Syncytin-2 OS=Homo sapiens OX=9606 GN=ERVFRD-1 PE=1 SV=1
   #    score  bias  c-Evalue  i-Evalue hmmfrom  hmm to    alifrom  ali to    envfrom  env to     acc
 ---   ------ ----- --------- --------- ------- -------    ------- -------    ------- -------    ----
   1 !   38.1   0.1   2.8e-13   4.1e-09       1      30 []     416     445 ..     416     445 .. 0.98

  Alignments for each domain:
  == domain 1  score: 38.1 bits;  conditional E-value: 2.8e-13
                 cervix   1 NRRGlDLLyFETGGLClFLEEECCfsVNtS 30 
                            NRRGlD+L    GG+Cl L+E CCf VN S
  sp|P60508|SYCY2_HUMAN 416 NRRGLDMLTAAQGGICLALDEKCCFWVNQS 445
                            9***************************98 PP

>> sp|P60507|EFC1_HUMAN  Endogenous retrovirus group FC1 Env polyprotein OS=Homo sapiens OX=9606 GN=ERVFC1 PE=1 SV=1
   #    score  bias  c-Evalue  i-Evalue hmmfrom  hmm to    alifrom  ali to    envfrom  env to     acc
 ---   ------ ----- --------- --------- ------- -------    ------- -------    ------- -------    ----
   1 !   37.6   1.1   4.1e-13   6.1e-09       1      30 []     451     480 ..     451     480 .. 0.98

  Alignments for each domain:
  == domain 1  score: 37.6 bits;  conditional E-value: 4.1e-13
                cervix   1 NRRGlDLLyFETGGLClFLEEECCfsVNtS 30 
                           NRR lDLL  + GG C+FL EECC+ +N S
  sp|P60507|EFC1_HUMAN 451 NRRALDLLTADKGGTCMFLGEECCYYINES 480
                           9***************************87 PP

>> sp|P60608|EFC2_HUMAN  Endogenous retrovirus group FC1 member 1 Env polyprotein OS=Homo sapiens OX=9606 GN=ERVFC1-1 PE=1 SV=1
   #    score  bias  c-Evalue  i-Evalue hmmfrom  hmm to    alifrom  ali to    envfrom  env to     acc
 ---   ------ ----- --------- --------- ------- -------    ------- -------    ------- -------    ----
   1 !   31.0   1.5   4.7e-11   7.1e-07       1      30 []     479     508 ..     479     508 .. 0.97

  Alignments for each domain:
  == domain 1  score: 31.0 bits;  conditional E-value: 4.7e-11
                cervix   1 NRRGlDLLyFETGGLClFLEEECCfsVNtS 30 
                           NR  lDLL  E G  ClFL EECC+  N S
  sp|P60608|EFC2_HUMAN 479 NRQALDLLMAEKGRTCLFLQEECCYYLNES 508
                           9************************99987 PP



Internal pipeline statistics summary:
-------------------------------------
Query model(s):                              1  (30 nodes)
Target sequences:                        74449  (25380033 residues searched)
Passed MSV filter:                     74449  (1); expected 74449.0 (1)
Passed bias filter:                    74449  (1); expected 74449.0 (1)
Passed Vit filter:                     74449  (1); expected 74449.0 (1)
Passed Fwd filter:                     74449  (1); expected 74449.0 (1)
Initial search space (Z):              74449  [actual number of targets]
Domain search space  (domZ):               5  [number of targets reported over threshold]
# CPU time: 7.28u 0.34s 00:00:07.62 Elapsed: 00:00:01.62
# Mc/sec: 470.00
//
Query:       colon  [M=30]
Scores for complete sequences (score includes all domains):
   --- full sequence ---   --- best 1 domain ---    -#dom-
    E-value  score  bias    E-value  score  bias    exp  N  Sequence              Description
    ------- ------ -----    ------- ------ -----   ---- --  --------              -----------
    1.2e-21   78.3   4.1    2.5e-21   77.3   4.1    1.6  1  sp|Q9N2K0|ENH1_HUMAN   HERV-H_2q24.3 provirus ancestral Env polyprotein OS=Homo sapiens OX=9606 PE=2 SV=1
    3.8e-15   57.5   1.7      9e-15   56.3   1.7    1.7  1  sp|Q9UQF0|SYCY1_HUMAN  Syncytin-1 OS=Homo sapiens OX=9606 GN=ERVW-1 PE=1 SV=1
    6.3e-14   53.6   1.4    1.3e-13   52.6   1.4    1.5  1  sp|P60507|EFC1_HUMAN   Endogenous retrovirus group FC1 Env polyprotein OS=Homo sapiens OX=9606 GN=ERVFC1 PE=1 SV=1
    1.9e-12   48.9   1.2      9e-12   46.7   1.8    1.9  2  sp|P60608|EFC2_HUMAN   Endogenous retrovirus group FC1 member 1 Env polyprotein OS=Homo sapiens OX=9606 GN=ERVFC1-1 PE=1 SV=1
    1.5e-11   46.0   0.2    2.7e-11   45.2   0.2    1.4  1  sp|P60508|SYCY2_HUMAN  Syncytin-2 OS=Homo sapiens OX=9606 GN=ERVFRD-1 PE=1 SV=1
    6.4e-06   28.0   0.2    4.7e-05   25.2   0.1    2.2  2  sp|P60509|ERB1_HUMAN   Endogenous retrovirus group PABLB member 1 Env polyprotein OS=Homo sapiens OX=9606 GN=ERVPABLB-1 PE=2 SV=1
    6.8e-06   27.9   0.4    6.8e-06   27.9   0.4    2.2  2  sp|B6SEH9|ERVV2_HUMAN  Endogenous retrovirus group V member 2 Env polyprotein OS=Homo sapiens OX=9606 GN=ERVV-2 PE=2 SV=1


Domain annotation for each sequence (and alignments):
>> sp|Q9N2K0|ENH1_HUMAN  HERV-H_2q24.3 provirus ancestral Env polyprotein OS=Homo sapiens OX=9606 PE=2 SV=1
   #    score  bias  c-Evalue  i-Evalue hmmfrom  hmm to    alifrom  ali to    envfrom  env to     acc
 ---   ------ ----- --------- --------- ------- -------    ------- -------    ------- -------    ----
   1 !   77.3   4.1   2.4e-25   2.5e-21       1      30 []     456     485 ..     456     485 .. 0.99

  Alignments for each domain:
  == domain 1  score: 77.3 bits;  conditional E-value: 2.4e-25
                 colon   1 NrRGlDLLTAEKGvlCIFlNeECCFYLNQS 30 
                           NrRGlDLLTAEKG+lCIFlNeECCFYLNQS
  sp|Q9N2K0|ENH1_HUMAN 456 NRRGLDLLTAEKGGLCIFLNEECCFYLNQS 485
                           9****************************9 PP

>> sp|Q9UQF0|SYCY1_HUMAN  Syncytin-1 OS=Homo sapiens OX=9606 GN=ERVW-1 PE=1 SV=1
   #    score  bias  c-Evalue  i-Evalue hmmfrom  hmm to    alifrom  ali to    envfrom  env to     acc
 ---   ------ ----- --------- --------- ------- -------    ------- -------    ------- -------    ----
   1 !   56.3   1.7   8.4e-19     9e-15       1      30 []     382     411 ..     382     411 .. 0.99

  Alignments for each domain:
  == domain 1  score: 56.3 bits;  conditional E-value: 8.4e-19
                  colon   1 NrRGlDLLTAEKGvlCIFlNeECCFYLNQS 30 
                            NrR lDLLTAE+G+ C+Fl eECC+Y NQS
  sp|Q9UQF0|SYCY1_HUMAN 382 NRRALDLLTAERGGTCLFLGEECCYYVNQS 411
                            9****************************9 PP

>> sp|P60507|EFC1_HUMAN  Endogenous retrovirus group FC1 Env polyprotein OS=Homo sapiens OX=9606 GN=ERVFC1 PE=1 SV=1
   #    score  bias  c-Evalue  i-Evalue hmmfrom  hmm to    alifrom  ali to    envfrom  env to     acc
 ---   ------ ----- --------- --------- ------- -------    ------- -------    ------- -------    ----
   1 !   52.6   1.4   1.2e-17   1.3e-13       1      30 []     451     480 ..     451     480 .. 0.98

  Alignments for each domain:
  == domain 1  score: 52.6 bits;  conditional E-value: 1.2e-17
                 colon   1 NrRGlDLLTAEKGvlCIFlNeECCFYLNQS 30 
                           NrR lDLLTA+KG+ C+Fl eECC+Y+N S
  sp|P60507|EFC1_HUMAN 451 NRRALDLLTADKGGTCMFLGEECCYYINES 480
                           9***************************87 PP

>> sp|P60608|EFC2_HUMAN  Endogenous retrovirus group FC1 member 1 Env polyprotein OS=Homo sapiens OX=9606 GN=ERVFC1-1 PE=1 SV=1
   #    score  bias  c-Evalue  i-Evalue hmmfrom  hmm to    alifrom  ali to    envfrom  env to     acc
 ---   ------ ----- --------- --------- ------- -------    ------- -------    ------- -------    ----
   1 ?   -2.5   0.0         2   2.2e+04      11      28 ..     158     168 ..     154     170 .. 0.53
   2 !   46.7   1.8   8.5e-16     9e-12       1      30 []     479     508 ..     479     508 .. 0.97

  Alignments for each domain:
  == domain 1  score: -2.5 bits;  conditional E-value: 2
                 colon  11 EKGvlCIFlNeECCFYLN 28 
                           EKG   +       FY N
  sp|P60608|EFC2_HUMAN 158 EKGSDPM-------FYVN 168
                           5555444.......4554 PP

  == domain 2  score: 46.7 bits;  conditional E-value: 8.5e-16
                 colon   1 NrRGlDLLTAEKGvlCIFlNeECCFYLNQS 30 
                           Nr  lDLL AEKG  C+Fl eECC+YLN S
  sp|P60608|EFC2_HUMAN 479 NRQALDLLMAEKGRTCLFLQEECCYYLNES 508
                           9999************************88 PP

>> sp|P60508|SYCY2_HUMAN  Syncytin-2 OS=Homo sapiens OX=9606 GN=ERVFRD-1 PE=1 SV=1
   #    score  bias  c-Evalue  i-Evalue hmmfrom  hmm to    alifrom  ali to    envfrom  env to     acc
 ---   ------ ----- --------- --------- ------- -------    ------- -------    ------- -------    ----
   1 !   45.2   0.2   2.5e-15   2.7e-11       1      30 []     416     445 ..     416     445 .. 0.99

  Alignments for each domain:
  == domain 1  score: 45.2 bits;  conditional E-value: 2.5e-15
                  colon   1 NrRGlDLLTAEKGvlCIFlNeECCFYLNQS 30 
                            NrRGlD+LTA  G+ C+ l e CCF+ NQS
  sp|P60508|SYCY2_HUMAN 416 NRRGLDMLTAAQGGICLALDEKCCFWVNQS 445
                            9****************************9 PP

>> sp|P60509|ERB1_HUMAN  Endogenous retrovirus group PABLB member 1 Env polyprotein OS=Homo sapiens OX=9606 GN=ERVPABLB-1 PE=2 SV=1
   #    score  bias  c-Evalue  i-Evalue hmmfrom  hmm to    alifrom  ali to    envfrom  env to     acc
 ---   ------ ----- --------- --------- ------- -------    ------- -------    ------- -------    ----
   1 ?   -0.0   0.0      0.34   3.7e+03       4      14 ..     195     205 ..     194     207 .. 0.83
   2 !   25.2   0.1   4.4e-09   4.7e-05       1      27 [.     380     406 ..     380     410 .. 0.92

  Alignments for each domain:
  == domain 1  score: -0.0 bits;  conditional E-value: 0.34
                 colon   4 GlDLLTAEKGv 14 
                           G+  LTA KG 
  sp|P60509|ERB1_HUMAN 195 GFIWLTATKGH 205
                           7778******6 PP

  == domain 2  score: 25.2 bits;  conditional E-value: 4.4e-09
                 colon   1 NrRGlDLLTAEKGvlCIFlNeECCFYL 27 
                           Nr  lD+LTA  G+ C  +  ECC Y+
  sp|P60509|ERB1_HUMAN 380 NRMALDILTAAEGGTCALIKTECCVYI 406
                           8889**********************7 PP

>> sp|B6SEH9|ERVV2_HUMAN  Endogenous retrovirus group V member 2 Env polyprotein OS=Homo sapiens OX=9606 GN=ERVV-2 PE=2 SV=1
   #    score  bias  c-Evalue  i-Evalue hmmfrom  hmm to    alifrom  ali to    envfrom  env to     acc
 ---   ------ ----- --------- --------- ------- -------    ------- -------    ------- -------    ----
   1 ?   -1.0   0.6       0.7   7.4e+03      16      24 ..     118     126 ..     116     127 .. 0.85
   2 !   27.9   0.4   6.4e-10   6.8e-06       1      30 []     384     413 ..     384     413 .. 0.95

  Alignments for each domain:
  == domain 1  score: -1.0 bits;  conditional E-value: 0.7
                  colon  16 CIFlNeECC 24 
                            C  lN+ CC
  sp|B6SEH9|ERVV2_HUMAN 118 CSSLNQTCC 126
                            778999**9 PP

  == domain 2  score: 27.9 bits;  conditional E-value: 6.4e-10
                  colon   1 NrRGlDLLTAEKGvlCIFlNeECCFYLNQS 30 
                            Nr  lD L AE G+ C  +N  CC Y N S
  sp|B6SEH9|ERVV2_HUMAN 384 NRLALDYLLAEQGGVCAVINKSCCVYVNNS 413
                            7888************************87 PP



Internal pipeline statistics summary:
-------------------------------------
Query model(s):                              1  (30 nodes)
Target sequences:                        74449  (25380033 residues searched)
Passed MSV filter:                     74449  (1); expected 74449.0 (1)
Passed bias filter:                    74449  (1); expected 74449.0 (1)
Passed Vit filter:                     74449  (1); expected 74449.0 (1)
Passed Fwd filter:                     74449  (1); expected 74449.0 (1)
Initial search space (Z):              74449  [actual number of targets]
Domain search space  (domZ):               7  [number of targets reported over threshold]
# CPU time: 7.13u 0.33s 00:00:07.46 Elapsed: 00:00:01.62
# Mc/sec: 470.00
//
Query:       eye  [M=30]
Scores for complete sequences (score includes all domains):
   --- full sequence ---   --- best 1 domain ---    -#dom-
    E-value  score  bias    E-value  score  bias    exp  N  Sequence              Description
    ------- ------ -----    ------- ------ -----   ---- --  --------              -----------
    9.4e-18   65.6   3.9    1.8e-17   64.7   3.9    1.5  1  sp|Q9UQF0|SYCY1_HUMAN  Syncytin-1 OS=Homo sapiens OX=9606 GN=ERVW-1 PE=1 SV=1
    4.1e-17   63.5   1.1    9.7e-17   62.3   1.1    1.7  1  sp|P60507|EFC1_HUMAN   Endogenous retrovirus group FC1 Env polyprotein OS=Homo sapiens OX=9606 GN=ERVFC1 PE=1 SV=1
    1.3e-15   58.7   4.5    2.5e-15   57.8   4.5    1.5  1  sp|P60608|EFC2_HUMAN   Endogenous retrovirus group FC1 member 1 Env polyprotein OS=Homo sapiens OX=9606 GN=ERVFC1-1 PE=1 SV=1
    7.7e-15   56.3   3.1    7.7e-15   56.3   3.1    1.8  2  sp|Q9N2K0|ENH1_HUMAN   HERV-H_2q24.3 provirus ancestral Env polyprotein OS=Homo sapiens OX=9606 PE=2 SV=1
    3.5e-11   44.6   0.3    8.7e-11   43.3   0.3    1.8  1  sp|P60508|SYCY2_HUMAN  Syncytin-2 OS=Homo sapiens OX=9606 GN=ERVFRD-1 PE=1 SV=1
    5.5e-08   34.3   0.1    1.5e-07   33.0   0.1    1.8  1  sp|P60509|ERB1_HUMAN   Endogenous retrovirus group PABLB member 1 Env polyprotein OS=Homo sapiens OX=9606 GN=ERVPABLB-1 PE=2 SV=1
    5.1e-07   31.2   0.8    1.7e-06   29.6   0.1    2.3  2  sp|B6SEH8|ERVV1_HUMAN  Endogenous retrovirus group V member 1 Env polyprotein OS=Homo sapiens OX=9606 GN=ERVV-1 PE=2 SV=1
    7.1e-07   30.8   1.3    1.2e-06   30.0   0.2    2.0  2  sp|B6SEH9|ERVV2_HUMAN  Endogenous retrovirus group V member 2 Env polyprotein OS=Homo sapiens OX=9606 GN=ERVV-2 PE=2 SV=1


Domain annotation for each sequence (and alignments):
>> sp|Q9UQF0|SYCY1_HUMAN  Syncytin-1 OS=Homo sapiens OX=9606 GN=ERVW-1 PE=1 SV=1
   #    score  bias  c-Evalue  i-Evalue hmmfrom  hmm to    alifrom  ali to    envfrom  env to     acc
 ---   ------ ----- --------- --------- ------- -------    ------- -------    ------- -------    ----
   1 !   64.7   3.9   1.9e-21   1.8e-17       1      30 []     382     411 ..     382     411 .. 0.99

  Alignments for each domain:
  == domain 1  score: 64.7 bits;  conditional E-value: 1.9e-21
                    eye   1 NrRALeLLTAEkGGTCLaLQEECCtYLNqS 30 
                            NrRAL+LLTAE+GGTCL+L EECC+Y NqS
  sp|Q9UQF0|SYCY1_HUMAN 382 NRRALDLLTAERGGTCLFLGEECCYYVNQS 411
                            9****************************9 PP

>> sp|P60507|EFC1_HUMAN  Endogenous retrovirus group FC1 Env polyprotein OS=Homo sapiens OX=9606 GN=ERVFC1 PE=1 SV=1
   #    score  bias  c-Evalue  i-Evalue hmmfrom  hmm to    alifrom  ali to    envfrom  env to     acc
 ---   ------ ----- --------- --------- ------- -------    ------- -------    ------- -------    ----
   1 !   62.3   1.1     1e-20   9.7e-17       1      30 []     451     480 ..     451     480 .. 0.99

  Alignments for each domain:
  == domain 1  score: 62.3 bits;  conditional E-value: 1e-20
                   eye   1 NrRALeLLTAEkGGTCLaLQEECCtYLNqS 30 
                           NrRAL+LLTA+kGGTC++L EECC+Y+N+S
  sp|P60507|EFC1_HUMAN 451 NRRALDLLTADKGGTCMFLGEECCYYINES 480
                           9***************************98 PP

>> sp|P60608|EFC2_HUMAN  Endogenous retrovirus group FC1 member 1 Env polyprotein OS=Homo sapiens OX=9606 GN=ERVFC1-1 PE=1 SV=1
   #    score  bias  c-Evalue  i-Evalue hmmfrom  hmm to    alifrom  ali to    envfrom  env to     acc
 ---   ------ ----- --------- --------- ------- -------    ------- -------    ------- -------    ----
   1 !   57.8   4.5   2.7e-19   2.5e-15       1      30 []     479     508 ..     479     508 .. 0.99

  Alignments for each domain:
  == domain 1  score: 57.8 bits;  conditional E-value: 2.7e-19
                   eye   1 NrRALeLLTAEkGGTCLaLQEECCtYLNqS 30 
                           Nr AL+LL AEkG TCL+LQEECC+YLN+S
  sp|P60608|EFC2_HUMAN 479 NRQALDLLMAEKGRTCLFLQEECCYYLNES 508
                           9***************************98 PP

>> sp|Q9N2K0|ENH1_HUMAN  HERV-H_2q24.3 provirus ancestral Env polyprotein OS=Homo sapiens OX=9606 PE=2 SV=1
   #    score  bias  c-Evalue  i-Evalue hmmfrom  hmm to    alifrom  ali to    envfrom  env to     acc
 ---   ------ ----- --------- --------- ------- -------    ------- -------    ------- -------    ----
   1 ?   -3.8   0.1         5   4.7e+04      10      16 ..     351     357 ..     349     359 .. 0.71
   2 !   56.3   3.1   8.3e-19   7.7e-15       1      30 []     456     485 ..     456     485 .. 0.99

  Alignments for each domain:
  == domain 1  score: -3.8 bits;  conditional E-value: 5
                   eye  10 AEkGGTC 16 
                           A   GTC
  sp|Q9N2K0|ENH1_HUMAN 351 ANWTGTC 357
                           55669*9 PP

  == domain 2  score: 56.3 bits;  conditional E-value: 8.3e-19
                   eye   1 NrRALeLLTAEkGGTCLaLQEECCtYLNqS 30 
                           NrR L+LLTAEkGG C++L EECC YLNqS
  sp|Q9N2K0|ENH1_HUMAN 456 NRRGLDLLTAEKGGLCIFLNEECCFYLNQS 485
                           9****************************9 PP

>> sp|P60508|SYCY2_HUMAN  Syncytin-2 OS=Homo sapiens OX=9606 GN=ERVFRD-1 PE=1 SV=1
   #    score  bias  c-Evalue  i-Evalue hmmfrom  hmm to    alifrom  ali to    envfrom  env to     acc
 ---   ------ ----- --------- --------- ------- -------    ------- -------    ------- -------    ----
   1 !   43.3   0.3   9.4e-15   8.7e-11       1      30 []     416     445 ..     416     445 .. 0.99

  Alignments for each domain:
  == domain 1  score: 43.3 bits;  conditional E-value: 9.4e-15
                    eye   1 NrRALeLLTAEkGGTCLaLQEECCtYLNqS 30 
                            NrR L++LTA +GG CLaL E CC + NqS
  sp|P60508|SYCY2_HUMAN 416 NRRGLDMLTAAQGGICLALDEKCCFWVNQS 445
                            9****************************9 PP

>> sp|P60509|ERB1_HUMAN  Endogenous retrovirus group PABLB member 1 Env polyprotein OS=Homo sapiens OX=9606 GN=ERVPABLB-1 PE=2 SV=1
   #    score  bias  c-Evalue  i-Evalue hmmfrom  hmm to    alifrom  ali to    envfrom  env to     acc
 ---   ------ ----- --------- --------- ------- -------    ------- -------    ------- -------    ----
   1 !   33.0   0.1   1.6e-11   1.5e-07       1      29 [.     380     409 ..     380     410 .. 0.92

  Alignments for each domain:
  == domain 1  score: 33.0 bits;  conditional E-value: 1.6e-11
                   eye   1 NrRALeLLTAEkGGTCLaLQEECCtYL.Nq 29 
                           Nr AL++LTA  GGTC  +  ECC Y+ N+
  sp|P60509|ERB1_HUMAN 380 NRMALDILTAAEGGTCALIKTECCVYIpNN 409
                           999***********************8455 PP

>> sp|B6SEH8|ERVV1_HUMAN  Endogenous retrovirus group V member 1 Env polyprotein OS=Homo sapiens OX=9606 GN=ERVV-1 PE=2 SV=1
   #    score  bias  c-Evalue  i-Evalue hmmfrom  hmm to    alifrom  ali to    envfrom  env to     acc
 ---   ------ ----- --------- --------- ------- -------    ------- -------    ------- -------    ----
   1 ?   -2.9   0.0       2.6   2.4e+04       2      10 ..     319     327 ..     319     330 .. 0.77
   2 !   29.6   0.1   1.8e-10   1.7e-06       1      30 []     384     413 ..     384     413 .. 0.98

  Alignments for each domain:
  == domain 1  score: -2.9 bits;  conditional E-value: 2.6
                    eye   2 rRALeLLTA 10 
                            +RAL L+ A
  sp|B6SEH8|ERVV1_HUMAN 319 KRALGLILA 327
                            59**99877 PP

  == domain 2  score: 29.6 bits;  conditional E-value: 1.8e-10
                    eye   1 NrRALeLLTAEkGGTCLaLQEECCtYLNqS 30 
                            Nr AL+ L AE+GG C  +   CC Y N+S
  sp|B6SEH8|ERVV1_HUMAN 384 NRLALDYLLAEQGGVCAVISKSCCIYVNNS 413
                            999**************************9 PP

>> sp|B6SEH9|ERVV2_HUMAN  Endogenous retrovirus group V member 2 Env polyprotein OS=Homo sapiens OX=9606 GN=ERVV-2 PE=2 SV=1
   #    score  bias  c-Evalue  i-Evalue hmmfrom  hmm to    alifrom  ali to    envfrom  env to     acc
 ---   ------ ----- --------- --------- ------- -------    ------- -------    ------- -------    ----
   1 ?   -3.1   0.0         3   2.8e+04       2      10 ..     319     327 ..     319     330 .. 0.77
   2 !   30.0   0.2   1.3e-10   1.2e-06       1      30 []     384     413 ..     384     413 .. 0.98

  Alignments for each domain:
  == domain 1  score: -3.1 bits;  conditional E-value: 3
                    eye   2 rRALeLLTA 10 
                            +RAL L+ A
  sp|B6SEH9|ERVV2_HUMAN 319 KRALGLILA 327
                            59**99877 PP

  == domain 2  score: 30.0 bits;  conditional E-value: 1.3e-10
                    eye   1 NrRALeLLTAEkGGTCLaLQEECCtYLNqS 30 
                            Nr AL+ L AE+GG C  +   CC Y N+S
  sp|B6SEH9|ERVV2_HUMAN 384 NRLALDYLLAEQGGVCAVINKSCCVYVNNS 413
                            999**************************9 PP



Internal pipeline statistics summary:
-------------------------------------
Query model(s):                              1  (30 nodes)
Target sequences:                        74449  (25380033 residues searched)
Passed MSV filter:                     74449  (1); expected 74449.0 (1)
Passed bias filter:                    74449  (1); expected 74449.0 (1)
Passed Vit filter:                     74449  (1); expected 74449.0 (1)
Passed Fwd filter:                     74449  (1); expected 74449.0 (1)
Initial search space (Z):              74449  [actual number of targets]
Domain search space  (domZ):               8  [number of targets reported over threshold]
# CPU time: 7.59u 0.24s 00:00:07.83 Elapsed: 00:00:01.74
# Mc/sec: 437.59
//
Query:       kidney  [M=42]
Scores for complete sequences (score includes all domains):
   --- full sequence ---   --- best 1 domain ---    -#dom-
    E-value  score  bias    E-value  score  bias    exp  N  Sequence              Description
    ------- ------ -----    ------- ------ -----   ---- --  --------              -----------
    1.6e-19   71.4   1.0    1.6e-19   71.4   1.0    1.9  2  sp|Q14264|ENR1_HUMAN   Endogenous retrovirus group 3 member 1 Env polyprotein OS=Homo sapiens OX=9606 GN=ERV3-1 PE=2 SV=2
    2.4e-08   35.6   0.8    6.6e-08   34.2   0.8    1.7  1  sp|B6SEH9|ERVV2_HUMAN  Endogenous retrovirus group V member 2 Env polyprotein OS=Homo sapiens OX=9606 GN=ERVV-2 PE=2 SV=1
    1.1e-07   33.5   0.3    3.1e-07   32.1   0.3    1.8  1  sp|B6SEH8|ERVV1_HUMAN  Endogenous retrovirus group V member 1 Env polyprotein OS=Homo sapiens OX=9606 GN=ERVV-1 PE=2 SV=1


Domain annotation for each sequence (and alignments):
>> sp|Q14264|ENR1_HUMAN  Endogenous retrovirus group 3 member 1 Env polyprotein OS=Homo sapiens OX=9606 GN=ERV3-1 PE=2 SV=2
   #    score  bias  c-Evalue  i-Evalue hmmfrom  hmm to    alifrom  ali to    envfrom  env to     acc
 ---   ------ ----- --------- --------- ------- -------    ------- -------    ------- -------    ----
   1 ?   -4.3   0.3       2.8   6.9e+04      15      21 ..     294     300 ..     291     301 .. 0.85
   2 !   71.4   1.0   6.5e-24   1.6e-19       1      39 [.     550     588 ..     550     591 .. 0.96

  Alignments for each domain:
  == domain 1  score: -4.3 bits;  conditional E-value: 2.8
                kidney  15 lCGKvnL 21 
                           +CG +n+
  sp|Q14264|ENR1_HUMAN 294 VCGGMNM 300
                           8**9996 PP

  == domain 2  score: 71.4 bits;  conditional E-value: 6.5e-24
                kidney   1 nRLvLDYLLAaeGGlCGKvnLtnCCLqlDDqGtvvEniv 39 
                           nRL+LDYLLA e G+CGK+nLtnCCL lDD G+v+  i 
  sp|Q14264|ENR1_HUMAN 550 NRLALDYLLAQEEGVCGKFNLTNCCLELDDEGKVIKEIT 588
                           9*********************************99885 PP

>> sp|B6SEH9|ERVV2_HUMAN  Endogenous retrovirus group V member 2 Env polyprotein OS=Homo sapiens OX=9606 GN=ERVV-2 PE=2 SV=1
   #    score  bias  c-Evalue  i-Evalue hmmfrom  hmm to    alifrom  ali to    envfrom  env to     acc
 ---   ------ ----- --------- --------- ------- -------    ------- -------    ------- -------    ----
   1 !   34.2   0.8   2.6e-12   6.6e-08       1      38 [.     384     420 ..     384     422 .. 0.94

  Alignments for each domain:
  == domain 1  score: 34.2 bits;  conditional E-value: 2.6e-12
                 kidney   1 nRLvLDYLLAaeGGlCGKvnLtnCCLqlDDqGtvvEni 38 
                            nRL+LDYLLA +GG+C  +n   CC+ +++ G + E i
  sp|B6SEH9|ERVV2_HUMAN 384 NRLALDYLLAEQGGVCAVINK-SCCVYVNNSGAIEEDI 420
                            9*******************5.7***********9998 PP

>> sp|B6SEH8|ERVV1_HUMAN  Endogenous retrovirus group V member 1 Env polyprotein OS=Homo sapiens OX=9606 GN=ERVV-1 PE=2 SV=1
   #    score  bias  c-Evalue  i-Evalue hmmfrom  hmm to    alifrom  ali to    envfrom  env to     acc
 ---   ------ ----- --------- --------- ------- -------    ------- -------    ------- -------    ----
   1 !   32.1   0.3   1.2e-11   3.1e-07       1      38 [.     384     420 ..     384     423 .. 0.92

  Alignments for each domain:
  == domain 1  score: 32.1 bits;  conditional E-value: 1.2e-11
                 kidney   1 nRLvLDYLLAaeGGlCGKvnLtnCCLqlDDqGtvvEni 38 
                            nRL+LDYLLA +GG+C  +    CC+ +++ G + E i
  sp|B6SEH8|ERVV1_HUMAN 384 NRLALDYLLAEQGGVCAVIS-KSCCIYVNNSGAIEEDI 420
                            9***************9776.78***********9998 PP



Internal pipeline statistics summary:
-------------------------------------
Query model(s):                              1  (42 nodes)
Target sequences:                        74449  (25380033 residues searched)
Passed MSV filter:                     74449  (1); expected 74449.0 (1)
Passed bias filter:                    74449  (1); expected 74449.0 (1)
Passed Vit filter:                     74449  (1); expected 74449.0 (1)
Passed Fwd filter:                     74449  (1); expected 74449.0 (1)
Initial search space (Z):              74449  [actual number of targets]
Domain search space  (domZ):               3  [number of targets reported over threshold]
# CPU time: 10.66u 0.71s 00:00:11.37 Elapsed: 00:00:02.43
# Mc/sec: 438.67
//
Query:       liver  [M=30]
Scores for complete sequences (score includes all domains):
   --- full sequence ---   --- best 1 domain ---    -#dom-
    E-value  score  bias    E-value  score  bias    exp  N  Sequence              Description
    ------- ------ -----    ------- ------ -----   ---- --  --------              -----------
    5.6e-17   63.2   4.1      1e-16   62.3   4.1    1.5  1  sp|Q9N2K0|ENH1_HUMAN   HERV-H_2q24.3 provirus ancestral Env polyprotein OS=Homo sapiens OX=9606 PE=2 SV=1
    3.6e-14   54.2   3.6      1e-13   52.8   3.6    1.8  1  sp|Q9UQF0|SYCY1_HUMAN  Syncytin-1 OS=Homo sapiens OX=9606 GN=ERVW-1 PE=1 SV=1
    2.3e-13   51.6   1.7    5.3e-13   50.5   1.7    1.6  1  sp|P60507|EFC1_HUMAN   Endogenous retrovirus group FC1 Env polyprotein OS=Homo sapiens OX=9606 GN=ERVFC1 PE=1 SV=1
    4.4e-13   50.7   0.5    7.9e-13   49.9   0.5    1.5  1  sp|P60508|SYCY2_HUMAN  Syncytin-2 OS=Homo sapiens OX=9606 GN=ERVFRD-1 PE=1 SV=1
    4.7e-09   37.8   2.3    1.1e-08   36.7   2.3    1.7  1  sp|P60608|EFC2_HUMAN   Endogenous retrovirus group FC1 member 1 Env polyprotein OS=Homo sapiens OX=9606 GN=ERVFC1-1 PE=1 SV=1
    2.9e-07   32.1   0.1    7.1e-07   30.9   0.1    1.7  1  sp|B6SEH8|ERVV1_HUMAN  Endogenous retrovirus group V member 1 Env polyprotein OS=Homo sapiens OX=9606 GN=ERVV-1 PE=2 SV=1
    6.2e-07   31.0   0.3    1.6e-06   29.7   0.3    1.8  1  sp|B6SEH9|ERVV2_HUMAN  Endogenous retrovirus group V member 2 Env polyprotein OS=Homo sapiens OX=9606 GN=ERVV-2 PE=2 SV=1
    7.5e-07   30.8   0.1    2.1e-06   29.3   0.1    1.8  1  sp|P60509|ERB1_HUMAN   Endogenous retrovirus group PABLB member 1 Env polyprotein OS=Homo sapiens OX=9606 GN=ERVPABLB-1 PE=2 SV=1
    1.1e-06   30.3   5.7    2.3e-06   29.2   5.7    1.6  1  sp|P61550|ENVT1_HUMAN  Endogenous retrovirus group S71 member 1 Env polyprotein OS=Homo sapiens OX=9606 GN=ERVS71-1 PE=2 SV=1


Domain annotation for each sequence (and alignments):
>> sp|Q9N2K0|ENH1_HUMAN  HERV-H_2q24.3 provirus ancestral Env polyprotein OS=Homo sapiens OX=9606 PE=2 SV=1
   #    score  bias  c-Evalue  i-Evalue hmmfrom  hmm to    alifrom  ali to    envfrom  env to     acc
 ---   ------ ----- --------- --------- ------- -------    ------- -------    ------- -------    ----
   1 !   62.3   4.1   1.2e-20     1e-16       1      29 [.     456     484 ..     456     485 .. 0.98

  Alignments for each domain:
  == domain 1  score: 62.3 bits;  conditional E-value: 1.2e-20
                 liver   1 NRRGLDLLtAeeGGLCfFlEEECCiYvNQ 29 
                           NRRGLDLLtAe+GGLC Fl EECC+Y NQ
  sp|Q9N2K0|ENH1_HUMAN 456 NRRGLDLLTAEKGGLCIFLNEECCFYLNQ 484
                           9**************************** PP

>> sp|Q9UQF0|SYCY1_HUMAN  Syncytin-1 OS=Homo sapiens OX=9606 GN=ERVW-1 PE=1 SV=1
   #    score  bias  c-Evalue  i-Evalue hmmfrom  hmm to    alifrom  ali to    envfrom  env to     acc
 ---   ------ ----- --------- --------- ------- -------    ------- -------    ------- -------    ----
   1 !   52.8   3.6   1.2e-17     1e-13       1      29 [.     382     410 ..     382     411 .. 0.98

  Alignments for each domain:
  == domain 1  score: 52.8 bits;  conditional E-value: 1.2e-17
                  liver   1 NRRGLDLLtAeeGGLCfFlEEECCiYvNQ 29 
                            NRR LDLLtAe GG C Fl EECC+YvNQ
  sp|Q9UQF0|SYCY1_HUMAN 382 NRRALDLLTAERGGTCLFLGEECCYYVNQ 410
                            9**************************** PP

>> sp|P60507|EFC1_HUMAN  Endogenous retrovirus group FC1 Env polyprotein OS=Homo sapiens OX=9606 GN=ERVFC1 PE=1 SV=1
   #    score  bias  c-Evalue  i-Evalue hmmfrom  hmm to    alifrom  ali to    envfrom  env to     acc
 ---   ------ ----- --------- --------- ------- -------    ------- -------    ------- -------    ----
   1 !   50.5   1.7   6.3e-17   5.3e-13       1      28 [.     451     478 ..     451     480 .. 0.97

  Alignments for each domain:
  == domain 1  score: 50.5 bits;  conditional E-value: 6.3e-17
                 liver   1 NRRGLDLLtAeeGGLCfFlEEECCiYvN 28 
                           NRR LDLLtA++GG C Fl EECC+Y+N
  sp|P60507|EFC1_HUMAN 451 NRRALDLLTADKGGTCMFLGEECCYYIN 478
                           9**************************9 PP

>> sp|P60508|SYCY2_HUMAN  Syncytin-2 OS=Homo sapiens OX=9606 GN=ERVFRD-1 PE=1 SV=1
   #    score  bias  c-Evalue  i-Evalue hmmfrom  hmm to    alifrom  ali to    envfrom  env to     acc
 ---   ------ ----- --------- --------- ------- -------    ------- -------    ------- -------    ----
   1 !   49.9   0.5   9.5e-17   7.9e-13       1      29 [.     416     444 ..     416     445 .. 0.98

  Alignments for each domain:
  == domain 1  score: 49.9 bits;  conditional E-value: 9.5e-17
                  liver   1 NRRGLDLLtAeeGGLCfFlEEECCiYvNQ 29 
                            NRRGLD+LtA +GG+C  l+E CC++vNQ
  sp|P60508|SYCY2_HUMAN 416 NRRGLDMLTAAQGGICLALDEKCCFWVNQ 444
                            9**************************** PP

>> sp|P60608|EFC2_HUMAN  Endogenous retrovirus group FC1 member 1 Env polyprotein OS=Homo sapiens OX=9606 GN=ERVFC1-1 PE=1 SV=1
   #    score  bias  c-Evalue  i-Evalue hmmfrom  hmm to    alifrom  ali to    envfrom  env to     acc
 ---   ------ ----- --------- --------- ------- -------    ------- -------    ------- -------    ----
   1 !   36.7   2.3   1.3e-12   1.1e-08       1      28 [.     479     506 ..     479     508 .. 0.97

  Alignments for each domain:
  == domain 1  score: 36.7 bits;  conditional E-value: 1.3e-12
                 liver   1 NRRGLDLLtAeeGGLCfFlEEECCiYvN 28 
                           NR  LDLL Ae+G  C Fl EECC+Y N
  sp|P60608|EFC2_HUMAN 479 NRQALDLLMAEKGRTCLFLQEECCYYLN 506
                           9**************************9 PP

>> sp|B6SEH8|ERVV1_HUMAN  Endogenous retrovirus group V member 1 Env polyprotein OS=Homo sapiens OX=9606 GN=ERVV-1 PE=2 SV=1
   #    score  bias  c-Evalue  i-Evalue hmmfrom  hmm to    alifrom  ali to    envfrom  env to     acc
 ---   ------ ----- --------- --------- ------- -------    ------- -------    ------- -------    ----
   1 !   30.9   0.1   8.5e-11   7.1e-07       1      29 [.     384     412 ..     384     413 .. 0.96

  Alignments for each domain:
  == domain 1  score: 30.9 bits;  conditional E-value: 8.5e-11
                  liver   1 NRRGLDLLtAeeGGLCfFlEEECCiYvNQ 29 
                            NR  LD L Ae+GG C  +   CCiYvN 
  sp|B6SEH8|ERVV1_HUMAN 384 NRLALDYLLAEQGGVCAVISKSCCIYVNN 412
                            8999************************5 PP

>> sp|B6SEH9|ERVV2_HUMAN  Endogenous retrovirus group V member 2 Env polyprotein OS=Homo sapiens OX=9606 GN=ERVV-2 PE=2 SV=1
   #    score  bias  c-Evalue  i-Evalue hmmfrom  hmm to    alifrom  ali to    envfrom  env to     acc
 ---   ------ ----- --------- --------- ------- -------    ------- -------    ------- -------    ----
   1 !   29.7   0.3     2e-10   1.6e-06       1      29 [.     384     412 ..     384     413 .. 0.96

  Alignments for each domain:
  == domain 1  score: 29.7 bits;  conditional E-value: 2e-10
                  liver   1 NRRGLDLLtAeeGGLCfFlEEECCiYvNQ 29 
                            NR  LD L Ae+GG C  +   CC+YvN 
  sp|B6SEH9|ERVV2_HUMAN 384 NRLALDYLLAEQGGVCAVINKSCCVYVNN 412
                            8999************************5 PP

>> sp|P60509|ERB1_HUMAN  Endogenous retrovirus group PABLB member 1 Env polyprotein OS=Homo sapiens OX=9606 GN=ERVPABLB-1 PE=2 SV=1
   #    score  bias  c-Evalue  i-Evalue hmmfrom  hmm to    alifrom  ali to    envfrom  env to     acc
 ---   ------ ----- --------- --------- ------- -------    ------- -------    ------- -------    ----
   1 !   29.3   0.1   2.6e-10   2.1e-06       1      27 [.     380     406 ..     380     409 .. 0.96

  Alignments for each domain:
  == domain 1  score: 29.3 bits;  conditional E-value: 2.6e-10
                 liver   1 NRRGLDLLtAeeGGLCfFlEEECCiYv 27 
                           NR  LD+LtA eGG C  +  ECC+Y+
  sp|P60509|ERB1_HUMAN 380 NRMALDILTAAEGGTCALIKTECCVYI 406
                           999***********************7 PP

>> sp|P61550|ENVT1_HUMAN  Endogenous retrovirus group S71 member 1 Env polyprotein OS=Homo sapiens OX=9606 GN=ERVS71-1 PE=2 SV=1
   #    score  bias  c-Evalue  i-Evalue hmmfrom  hmm to    alifrom  ali to    envfrom  env to     acc
 ---   ------ ----- --------- --------- ------- -------    ------- -------    ------- -------    ----
   1 !   29.2   5.7   2.8e-10   2.3e-06       1      29 [.     505     533 ..     505     534 .. 0.96

  Alignments for each domain:
  == domain 1  score: 29.2 bits;  conditional E-value: 2.8e-10
                  liver   1 NRRGLDLLtAeeGGLCfFlEEECCiYvNQ 29 
                            N R LDLL   +GGLC  l E CC+Y NQ
  sp|P61550|ENVT1_HUMAN 505 NCRCLDLLFLSQGGLCAALGESCCFYANQ 533
                            789************************** PP



Internal pipeline statistics summary:
-------------------------------------
Query model(s):                              1  (30 nodes)
Target sequences:                        74449  (25380033 residues searched)
Passed MSV filter:                     74449  (1); expected 74449.0 (1)
Passed bias filter:                    74449  (1); expected 74449.0 (1)
Passed Vit filter:                     74449  (1); expected 74449.0 (1)
Passed Fwd filter:                     74449  (1); expected 74449.0 (1)
Initial search space (Z):              74449  [actual number of targets]
Domain search space  (domZ):               9  [number of targets reported over threshold]
# CPU time: 7.17u 0.50s 00:00:07.67 Elapsed: 00:00:01.69
# Mc/sec: 450.53
//
Query:       lung  [M=30]
Scores for complete sequences (score includes all domains):
   --- full sequence ---   --- best 1 domain ---    -#dom-
    E-value  score  bias    E-value  score  bias    exp  N  Sequence              Description
    ------- ------ -----    ------- ------ -----   ---- --  --------              -----------
      2e-17   64.7   3.4    5.5e-17   63.3   3.4    1.8  1  sp|Q9N2K0|ENH1_HUMAN   HERV-H_2q24.3 provirus ancestral Env polyprotein OS=Homo sapiens OX=9606 PE=2 SV=1
    5.2e-15   56.9   1.8    1.3e-14   55.7   1.8    1.7  1  sp|Q9UQF0|SYCY1_HUMAN  Syncytin-1 OS=Homo sapiens OX=9606 GN=ERVW-1 PE=1 SV=1
    3.6e-14   54.3   0.9    7.5e-14   53.2   0.9    1.6  1  sp|P60507|EFC1_HUMAN   Endogenous retrovirus group FC1 Env polyprotein OS=Homo sapiens OX=9606 GN=ERVFC1 PE=1 SV=1
    8.6e-13   49.9   0.4    1.7e-12   48.9   0.4    1.5  1  sp|P60508|SYCY2_HUMAN  Syncytin-2 OS=Homo sapiens OX=9606 GN=ERVFRD-1 PE=1 SV=1
    1.6e-11   45.7   1.1    3.8e-11   44.6   1.1    1.7  1  sp|P60608|EFC2_HUMAN   Endogenous retrovirus group FC1 member 1 Env polyprotein OS=Homo sapiens OX=9606 GN=ERVFC1-1 PE=1 SV=1


Domain annotation for each sequence (and alignments):
>> sp|Q9N2K0|ENH1_HUMAN  HERV-H_2q24.3 provirus ancestral Env polyprotein OS=Homo sapiens OX=9606 PE=2 SV=1
   #    score  bias  c-Evalue  i-Evalue hmmfrom  hmm to    alifrom  ali to    envfrom  env to     acc
 ---   ------ ----- --------- --------- ------- -------    ------- -------    ------- -------    ----
   1 !   63.3   3.4   3.7e-21   5.5e-17       1      30 []     456     485 ..     456     485 .. 0.99

  Alignments for each domain:
  == domain 1  score: 63.3 bits;  conditional E-value: 3.7e-21
                  lung   1 NrRvLDLLTaEkGGlCIyLeEECCFCvNeS 30 
                           NrR+LDLLTaEkGGlCI+L+EECCF +N+S
  sp|Q9N2K0|ENH1_HUMAN 456 NRRGLDLLTAEKGGLCIFLNEECCFYLNQS 485
                           9****************************9 PP

>> sp|Q9UQF0|SYCY1_HUMAN  Syncytin-1 OS=Homo sapiens OX=9606 GN=ERVW-1 PE=1 SV=1
   #    score  bias  c-Evalue  i-Evalue hmmfrom  hmm to    alifrom  ali to    envfrom  env to     acc
 ---   ------ ----- --------- --------- ------- -------    ------- -------    ------- -------    ----
   1 !   55.7   1.8   8.6e-19   1.3e-14       1      30 []     382     411 ..     382     411 .. 0.99

  Alignments for each domain:
  == domain 1  score: 55.7 bits;  conditional E-value: 8.6e-19
                   lung   1 NrRvLDLLTaEkGGlCIyLeEECCFCvNeS 30 
                            NrR LDLLTaE+GG+C++L EECC+ vN+S
  sp|Q9UQF0|SYCY1_HUMAN 382 NRRALDLLTAERGGTCLFLGEECCYYVNQS 411
                            9****************************9 PP

>> sp|P60507|EFC1_HUMAN  Endogenous retrovirus group FC1 Env polyprotein OS=Homo sapiens OX=9606 GN=ERVFC1 PE=1 SV=1
   #    score  bias  c-Evalue  i-Evalue hmmfrom  hmm to    alifrom  ali to    envfrom  env to     acc
 ---   ------ ----- --------- --------- ------- -------    ------- -------    ------- -------    ----
   1 !   53.2   0.9     5e-18   7.5e-14       1      30 []     451     480 ..     451     480 .. 0.99

  Alignments for each domain:
  == domain 1  score: 53.2 bits;  conditional E-value: 5e-18
                  lung   1 NrRvLDLLTaEkGGlCIyLeEECCFCvNeS 30 
                           NrR LDLLTa+kGG+C++L EECC+ +NeS
  sp|P60507|EFC1_HUMAN 451 NRRALDLLTADKGGTCMFLGEECCYYINES 480
                           9***************************99 PP

>> sp|P60508|SYCY2_HUMAN  Syncytin-2 OS=Homo sapiens OX=9606 GN=ERVFRD-1 PE=1 SV=1
   #    score  bias  c-Evalue  i-Evalue hmmfrom  hmm to    alifrom  ali to    envfrom  env to     acc
 ---   ------ ----- --------- --------- ------- -------    ------- -------    ------- -------    ----
   1 !   48.9   0.4   1.1e-16   1.7e-12       1      30 []     416     445 ..     416     445 .. 0.99

  Alignments for each domain:
  == domain 1  score: 48.9 bits;  conditional E-value: 1.1e-16
                   lung   1 NrRvLDLLTaEkGGlCIyLeEECCFCvNeS 30 
                            NrR+LD+LTa +GG+C+ L+E CCF vN+S
  sp|P60508|SYCY2_HUMAN 416 NRRGLDMLTAAQGGICLALDEKCCFWVNQS 445
                            9****************************9 PP

>> sp|P60608|EFC2_HUMAN  Endogenous retrovirus group FC1 member 1 Env polyprotein OS=Homo sapiens OX=9606 GN=ERVFC1-1 PE=1 SV=1
   #    score  bias  c-Evalue  i-Evalue hmmfrom  hmm to    alifrom  ali to    envfrom  env to     acc
 ---   ------ ----- --------- --------- ------- -------    ------- -------    ------- -------    ----
   1 !   44.6   1.1   2.6e-15   3.8e-11       1      30 []     479     508 ..     479     508 .. 0.98

  Alignments for each domain:
  == domain 1  score: 44.6 bits;  conditional E-value: 2.6e-15
                  lung   1 NrRvLDLLTaEkGGlCIyLeEECCFCvNeS 30 
                           Nr  LDLL aEkG +C++L+EECC+ +NeS
  sp|P60608|EFC2_HUMAN 479 NRQALDLLMAEKGRTCLFLQEECCYYLNES 508
                           99**************************98 PP



Internal pipeline statistics summary:
-------------------------------------
Query model(s):                              1  (30 nodes)
Target sequences:                        74449  (25380033 residues searched)
Passed MSV filter:                     74449  (1); expected 74449.0 (1)
Passed bias filter:                    74449  (1); expected 74449.0 (1)
Passed Vit filter:                     74449  (1); expected 74449.0 (1)
Passed Fwd filter:                     74449  (1); expected 74449.0 (1)
Initial search space (Z):              74449  [actual number of targets]
Domain search space  (domZ):               5  [number of targets reported over threshold]
# CPU time: 7.42u 0.45s 00:00:07.87 Elapsed: 00:00:01.69
# Mc/sec: 450.53
//
Query:       prostate  [M=30]
Scores for complete sequences (score includes all domains):
   --- full sequence ---   --- best 1 domain ---    -#dom-
    E-value  score  bias    E-value  score  bias    exp  N  Sequence              Description
    ------- ------ -----    ------- ------ -----   ---- --  --------              -----------
    1.3e-13   52.7   2.6    1.3e-13   52.7   2.6    2.5  2  sp|Q9N2K0|ENH1_HUMAN   HERV-H_2q24.3 provirus ancestral Env polyprotein OS=Homo sapiens OX=9606 PE=2 SV=1
    1.3e-07   33.4   1.3    3.5e-07   32.1   1.3    1.8  1  sp|Q9UQF0|SYCY1_HUMAN  Syncytin-1 OS=Homo sapiens OX=9606 GN=ERVW-1 PE=1 SV=1
    2.8e-07   32.4   0.4    2.8e-07   32.4   0.4    2.0  2  sp|P60507|EFC1_HUMAN   Endogenous retrovirus group FC1 Env polyprotein OS=Homo sapiens OX=9606 GN=ERVFC1 PE=1 SV=1


Domain annotation for each sequence (and alignments):
>> sp|Q9N2K0|ENH1_HUMAN  HERV-H_2q24.3 provirus ancestral Env polyprotein OS=Homo sapiens OX=9606 PE=2 SV=1
   #    score  bias  c-Evalue  i-Evalue hmmfrom  hmm to    alifrom  ali to    envfrom  env to     acc
 ---   ------ ----- --------- --------- ------- -------    ------- -------    ------- -------    ----
   1 ?    1.1   0.2     0.068   1.7e+03      10      19 ..      61      70 ..      60      72 .. 0.81
   2 !   52.7   2.6   5.1e-18   1.3e-13       1      30 []     456     485 ..     456     485 .. 0.98

  Alignments for each domain:
  == domain 1  score: 1.1 bits;  conditional E-value: 0.068
              prostate 10 VeKRgLCIFL 19
                          V+  +LCI L
  sp|Q9N2K0|ENH1_HUMAN 61 VNNCWLCISL 70
                          6778****77 PP

  == domain 2  score: 52.7 bits;  conditional E-value: 5.1e-18
              prostate   1 NHRGLELLTVeKRgLCIFLNEECCATlNQS 30 
                           N RGL+LLT eK gLCIFLNEECC  lNQS
  sp|Q9N2K0|ENH1_HUMAN 456 NRRGLDLLTAEKGGLCIFLNEECCFYLNQS 485
                           89***************************9 PP

>> sp|Q9UQF0|SYCY1_HUMAN  Syncytin-1 OS=Homo sapiens OX=9606 GN=ERVW-1 PE=1 SV=1
   #    score  bias  c-Evalue  i-Evalue hmmfrom  hmm to    alifrom  ali to    envfrom  env to     acc
 ---   ------ ----- --------- --------- ------- -------    ------- -------    ------- -------    ----
   1 !   32.1   1.3   1.4e-11   3.5e-07       1      30 []     382     411 ..     382     411 .. 0.98

  Alignments for each domain:
  == domain 1  score: 32.1 bits;  conditional E-value: 1.4e-11
               prostate   1 NHRGLELLTVeKRgLCIFLNEECCATlNQS 30 
                            N R L+LLT e+ g C+FL EECC   NQS
  sp|Q9UQF0|SYCY1_HUMAN 382 NRRALDLLTAERGGTCLFLGEECCYYVNQS 411
                            88***************************9 PP

>> sp|P60507|EFC1_HUMAN  Endogenous retrovirus group FC1 Env polyprotein OS=Homo sapiens OX=9606 GN=ERVFC1 PE=1 SV=1
   #    score  bias  c-Evalue  i-Evalue hmmfrom  hmm to    alifrom  ali to    envfrom  env to     acc
 ---   ------ ----- --------- --------- ------- -------    ------- -------    ------- -------    ----
   1 !   32.4   0.4   1.1e-11   2.8e-07       1      30 []     451     480 ..     451     480 .. 0.94
   2 ?   -3.9   0.1       2.5   6.2e+04       7      12 ..     487     492 ..     486     492 .. 0.90

  Alignments for each domain:
  == domain 1  score: 32.4 bits;  conditional E-value: 1.1e-11
              prostate   1 NHRGLELLTVeKRgLCIFLNEECCATlNQS 30 
                           N R L+LLT +K g C+FL EECC   N S
  sp|P60507|EFC1_HUMAN 451 NRRALDLLTADKGGTCMFLGEECCYYINES 480
                           88**********************988876 PP

  == domain 2  score: -3.9 bits;  conditional E-value: 2.5
              prostate   7 LLTVeK 12 
                           LLT +K
  sp|P60507|EFC1_HUMAN 487 LLTLDK 492
                           9***99 PP



Internal pipeline statistics summary:
-------------------------------------
Query model(s):                              1  (30 nodes)
Target sequences:                        74449  (25380033 residues searched)
Passed MSV filter:                     74449  (1); expected 74449.0 (1)
Passed bias filter:                    74449  (1); expected 74449.0 (1)
Passed Vit filter:                     74449  (1); expected 74449.0 (1)
Passed Fwd filter:                     74449  (1); expected 74449.0 (1)
Initial search space (Z):              74449  [actual number of targets]
Domain search space  (domZ):               3  [number of targets reported over threshold]
# CPU time: 7.28u 0.44s 00:00:07.72 Elapsed: 00:00:01.68
# Mc/sec: 453.21
//
Query:       skin  [M=30]
Scores for complete sequences (score includes all domains):
   --- full sequence ---   --- best 1 domain ---    -#dom-
    E-value  score  bias    E-value  score  bias    exp  N  Sequence              Description
    ------- ------ -----    ------- ------ -----   ---- --  --------              -----------
    1.9e-16   61.8   2.1    3.8e-16   60.8   2.1    1.5  1  sp|Q9N2K0|ENH1_HUMAN   HERV-H_2q24.3 provirus ancestral Env polyprotein OS=Homo sapiens OX=9606 PE=2 SV=1
    2.9e-13   51.6   1.4    6.2e-13   50.6   1.4    1.6  1  sp|Q9UQF0|SYCY1_HUMAN  Syncytin-1 OS=Homo sapiens OX=9606 GN=ERVW-1 PE=1 SV=1
    4.9e-12   47.7   0.5    9.7e-12   46.7   0.5    1.5  1  sp|P60508|SYCY2_HUMAN  Syncytin-2 OS=Homo sapiens OX=9606 GN=ERVFRD-1 PE=1 SV=1
      3e-10   42.0   0.7    6.3e-10   40.9   0.7    1.6  1  sp|P60507|EFC1_HUMAN   Endogenous retrovirus group FC1 Env polyprotein OS=Homo sapiens OX=9606 GN=ERVFC1 PE=1 SV=1
    1.8e-08   36.3   0.7    3.6e-08   35.3   0.7    1.5  1  sp|P60608|EFC2_HUMAN   Endogenous retrovirus group FC1 member 1 Env polyprotein OS=Homo sapiens OX=9606 GN=ERVFC1-1 PE=1 SV=1


Domain annotation for each sequence (and alignments):
>> sp|Q9N2K0|ENH1_HUMAN  HERV-H_2q24.3 provirus ancestral Env polyprotein OS=Homo sapiens OX=9606 PE=2 SV=1
   #    score  bias  c-Evalue  i-Evalue hmmfrom  hmm to    alifrom  ali to    envfrom  env to     acc
 ---   ------ ----- --------- --------- ------- -------    ------- -------    ------- -------    ----
   1 !   60.8   2.1   2.6e-20   3.8e-16       1      30 []     456     485 ..     456     485 .. 0.99

  Alignments for each domain:
  == domain 1  score: 60.8 bits;  conditional E-value: 2.6e-20
                  skin   1 NRrGlDLLTAETGvLClFldEECCgDvNQS 30 
                           NRrGlDLLTAE G+LC+Fl+EECC+  NQS
  sp|Q9N2K0|ENH1_HUMAN 456 NRRGLDLLTAEKGGLCIFLNEECCFYLNQS 485
                           9****************************9 PP

>> sp|Q9UQF0|SYCY1_HUMAN  Syncytin-1 OS=Homo sapiens OX=9606 GN=ERVW-1 PE=1 SV=1
   #    score  bias  c-Evalue  i-Evalue hmmfrom  hmm to    alifrom  ali to    envfrom  env to     acc
 ---   ------ ----- --------- --------- ------- -------    ------- -------    ------- -------    ----
   1 !   50.6   1.4   4.2e-17   6.2e-13       1      30 []     382     411 ..     382     411 .. 0.99

  Alignments for each domain:
  == domain 1  score: 50.6 bits;  conditional E-value: 4.2e-17
                   skin   1 NRrGlDLLTAETGvLClFldEECCgDvNQS 30 
                            NRr lDLLTAE G+ ClFl EECC  vNQS
  sp|Q9UQF0|SYCY1_HUMAN 382 NRRALDLLTAERGGTCLFLGEECCYYVNQS 411
                            9****************************9 PP

>> sp|P60508|SYCY2_HUMAN  Syncytin-2 OS=Homo sapiens OX=9606 GN=ERVFRD-1 PE=1 SV=1
   #    score  bias  c-Evalue  i-Evalue hmmfrom  hmm to    alifrom  ali to    envfrom  env to     acc
 ---   ------ ----- --------- --------- ------- -------    ------- -------    ------- -------    ----
   1 !   46.7   0.5   6.5e-16   9.7e-12       1      30 []     416     445 ..     416     445 .. 0.99

  Alignments for each domain:
  == domain 1  score: 46.7 bits;  conditional E-value: 6.5e-16
                   skin   1 NRrGlDLLTAETGvLClFldEECCgDvNQS 30 
                            NRrGlD+LTA  G++Cl ldE CC+ vNQS
  sp|P60508|SYCY2_HUMAN 416 NRRGLDMLTAAQGGICLALDEKCCFWVNQS 445
                            9****************************9 PP

>> sp|P60507|EFC1_HUMAN  Endogenous retrovirus group FC1 Env polyprotein OS=Homo sapiens OX=9606 GN=ERVFC1 PE=1 SV=1
   #    score  bias  c-Evalue  i-Evalue hmmfrom  hmm to    alifrom  ali to    envfrom  env to     acc
 ---   ------ ----- --------- --------- ------- -------    ------- -------    ------- -------    ----
   1 !   40.9   0.7   4.2e-14   6.3e-10       1      30 []     451     480 ..     451     480 .. 0.97

  Alignments for each domain:
  == domain 1  score: 40.9 bits;  conditional E-value: 4.2e-14
                  skin   1 NRrGlDLLTAETGvLClFldEECCgDvNQS 30 
                           NRr lDLLTA+ G+ C+Fl EECC  +N S
  sp|P60507|EFC1_HUMAN 451 NRRALDLLTADKGGTCMFLGEECCYYINES 480
                           9************************99987 PP

>> sp|P60608|EFC2_HUMAN  Endogenous retrovirus group FC1 member 1 Env polyprotein OS=Homo sapiens OX=9606 GN=ERVFC1-1 PE=1 SV=1
   #    score  bias  c-Evalue  i-Evalue hmmfrom  hmm to    alifrom  ali to    envfrom  env to     acc
 ---   ------ ----- --------- --------- ------- -------    ------- -------    ------- -------    ----
   1 !   35.3   0.7   2.4e-12   3.6e-08       1      30 []     479     508 ..     479     508 .. 0.95

  Alignments for each domain:
  == domain 1  score: 35.3 bits;  conditional E-value: 2.4e-12
                  skin   1 NRrGlDLLTAETGvLClFldEECCgDvNQS 30 
                           NR+ lDLL AE G  ClFl EECC   N S
  sp|P60608|EFC2_HUMAN 479 NRQALDLLMAEKGRTCLFLQEECCYYLNES 508
                           9***********************988876 PP



Internal pipeline statistics summary:
-------------------------------------
Query model(s):                              1  (30 nodes)
Target sequences:                        74449  (25380033 residues searched)
Passed MSV filter:                     74449  (1); expected 74449.0 (1)
Passed bias filter:                    74449  (1); expected 74449.0 (1)
Passed Vit filter:                     74449  (1); expected 74449.0 (1)
Passed Fwd filter:                     74449  (1); expected 74449.0 (1)
Initial search space (Z):              74449  [actual number of targets]
Domain search space  (domZ):               5  [number of targets reported over threshold]
# CPU time: 7.49u 0.36s 00:00:07.85 Elapsed: 00:00:01.73
# Mc/sec: 440.12
//
Query:       testis  [M=30]
Scores for complete sequences (score includes all domains):
   --- full sequence ---   --- best 1 domain ---    -#dom-
    E-value  score  bias    E-value  score  bias    exp  N  Sequence              Description
    ------- ------ -----    ------- ------ -----   ---- --  --------              -----------
    1.1e-15   59.1   4.3    2.2e-15   58.1   4.3    1.6  1  sp|Q9N2K0|ENH1_HUMAN   HERV-H_2q24.3 provirus ancestral Env polyprotein OS=Homo sapiens OX=9606 PE=2 SV=1
      5e-12   47.3   3.0    1.2e-11   46.2   3.0    1.7  1  sp|Q9UQF0|SYCY1_HUMAN  Syncytin-1 OS=Homo sapiens OX=9606 GN=ERVW-1 PE=1 SV=1
    1.8e-11   45.6   0.1    3.1e-11   44.8   0.1    1.4  1  sp|P60508|SYCY2_HUMAN  Syncytin-2 OS=Homo sapiens OX=9606 GN=ERVFRD-1 PE=1 SV=1
    1.2e-10   43.0   2.0    2.5e-10   41.9   2.0    1.6  1  sp|P60507|EFC1_HUMAN   Endogenous retrovirus group FC1 Env polyprotein OS=Homo sapiens OX=9606 GN=ERVFC1 PE=1 SV=1
    2.6e-08   35.5   2.2    5.3e-08   34.5   2.2    1.6  1  sp|P60608|EFC2_HUMAN   Endogenous retrovirus group FC1 member 1 Env polyprotein OS=Homo sapiens OX=9606 GN=ERVFC1-1 PE=1 SV=1


Domain annotation for each sequence (and alignments):
>> sp|Q9N2K0|ENH1_HUMAN  HERV-H_2q24.3 provirus ancestral Env polyprotein OS=Homo sapiens OX=9606 PE=2 SV=1
   #    score  bias  c-Evalue  i-Evalue hmmfrom  hmm to    alifrom  ali to    envfrom  env to     acc
 ---   ------ ----- --------- --------- ------- -------    ------- -------    ------- -------    ----
   1 !   58.1   4.3   1.5e-19   2.2e-15       1      30 []     456     485 ..     456     485 .. 0.98

  Alignments for each domain:
  == domain 1  score: 58.1 bits;  conditional E-value: 1.5e-19
                testis   1 NRRGLDLLaAEeGGLClFLEEYCCFdPNks 30 
                           NRRGLDLL+AE+GGLC+FL E CCF+ N+s
  sp|Q9N2K0|ENH1_HUMAN 456 NRRGLDLLTAEKGGLCIFLNEECCFYLNQS 485
                           9***************************97 PP

>> sp|Q9UQF0|SYCY1_HUMAN  Syncytin-1 OS=Homo sapiens OX=9606 GN=ERVW-1 PE=1 SV=1
   #    score  bias  c-Evalue  i-Evalue hmmfrom  hmm to    alifrom  ali to    envfrom  env to     acc
 ---   ------ ----- --------- --------- ------- -------    ------- -------    ------- -------    ----
   1 !   46.2   3.0   7.8e-16   1.2e-11       1      30 []     382     411 ..     382     411 .. 0.98

  Alignments for each domain:
  == domain 1  score: 46.2 bits;  conditional E-value: 7.8e-16
                 testis   1 NRRGLDLLaAEeGGLClFLEEYCCFdPNks 30 
                            NRR LDLL+AE GG ClFL E CC++ N+s
  sp|Q9UQF0|SYCY1_HUMAN 382 NRRALDLLTAERGGTCLFLGEECCYYVNQS 411
                            9***************************97 PP

>> sp|P60508|SYCY2_HUMAN  Syncytin-2 OS=Homo sapiens OX=9606 GN=ERVFRD-1 PE=1 SV=1
   #    score  bias  c-Evalue  i-Evalue hmmfrom  hmm to    alifrom  ali to    envfrom  env to     acc
 ---   ------ ----- --------- --------- ------- -------    ------- -------    ------- -------    ----
   1 !   44.8   0.1   2.1e-15   3.1e-11       1      30 []     416     445 ..     416     445 .. 0.98

  Alignments for each domain:
  == domain 1  score: 44.8 bits;  conditional E-value: 2.1e-15
                 testis   1 NRRGLDLLaAEeGGLClFLEEYCCFdPNks 30 
                            NRRGLD+L+A +GG+Cl L+E CCF  N+s
  sp|P60508|SYCY2_HUMAN 416 NRRGLDMLTAAQGGICLALDEKCCFWVNQS 445
                            9*************************9997 PP

>> sp|P60507|EFC1_HUMAN  Endogenous retrovirus group FC1 Env polyprotein OS=Homo sapiens OX=9606 GN=ERVFC1 PE=1 SV=1
   #    score  bias  c-Evalue  i-Evalue hmmfrom  hmm to    alifrom  ali to    envfrom  env to     acc
 ---   ------ ----- --------- --------- ------- -------    ------- -------    ------- -------    ----
   1 !   41.9   2.0   1.7e-14   2.5e-10       1      30 []     451     480 ..     451     480 .. 0.97

  Alignments for each domain:
  == domain 1  score: 41.9 bits;  conditional E-value: 1.7e-14
                testis   1 NRRGLDLLaAEeGGLClFLEEYCCFdPNks 30 
                           NRR LDLL+A++GG C+FL E CC++ N+s
  sp|P60507|EFC1_HUMAN 451 NRRALDLLTADKGGTCMFLGEECCYYINES 480
                           9*************************9986 PP

>> sp|P60608|EFC2_HUMAN  Endogenous retrovirus group FC1 member 1 Env polyprotein OS=Homo sapiens OX=9606 GN=ERVFC1-1 PE=1 SV=1
   #    score  bias  c-Evalue  i-Evalue hmmfrom  hmm to    alifrom  ali to    envfrom  env to     acc
 ---   ------ ----- --------- --------- ------- -------    ------- -------    ------- -------    ----
   1 !   34.5   2.2   3.5e-12   5.3e-08       1      30 []     479     508 ..     479     508 .. 0.96

  Alignments for each domain:
  == domain 1  score: 34.5 bits;  conditional E-value: 3.5e-12
                testis   1 NRRGLDLLaAEeGGLClFLEEYCCFdPNks 30 
                           NR  LDLL AE+G  ClFL E CC++ N+s
  sp|P60608|EFC2_HUMAN 479 NRQALDLLMAEKGRTCLFLQEECCYYLNES 508
                           9*************************9986 PP



Internal pipeline statistics summary:
-------------------------------------
Query model(s):                              1  (30 nodes)
Target sequences:                        74449  (25380033 residues searched)
Passed MSV filter:                     74449  (1); expected 74449.0 (1)
Passed bias filter:                    74449  (1); expected 74449.0 (1)
Passed Vit filter:                     74449  (1); expected 74449.0 (1)
Passed Fwd filter:                     74449  (1); expected 74449.0 (1)
Initial search space (Z):              74449  [actual number of targets]
Domain search space  (domZ):               5  [number of targets reported over threshold]
# CPU time: 7.17u 0.25s 00:00:07.42 Elapsed: 00:00:01.43
# Mc/sec: 532.45
//
Query:       thalamus  [M=30]
Scores for complete sequences (score includes all domains):
   --- full sequence ---   --- best 1 domain ---    -#dom-
    E-value  score  bias    E-value  score  bias    exp  N  Sequence              Description
    ------- ------ -----    ------- ------ -----   ---- --  --------              -----------
    1.2e-17   65.6   3.9    2.8e-17   64.4   3.9    1.7  1  sp|Q9N2K0|ENH1_HUMAN   HERV-H_2q24.3 provirus ancestral Env polyprotein OS=Homo sapiens OX=9606 PE=2 SV=1
    2.3e-14   55.1   1.9    5.1e-14   54.0   1.9    1.6  1  sp|Q9UQF0|SYCY1_HUMAN  Syncytin-1 OS=Homo sapiens OX=9606 GN=ERVW-1 PE=1 SV=1
    3.5e-12   48.1   0.3    7.3e-12   47.1   0.3    1.6  1  sp|P60508|SYCY2_HUMAN  Syncytin-2 OS=Homo sapiens OX=9606 GN=ERVFRD-1 PE=1 SV=1
    4.7e-12   47.7   1.1      1e-11   46.6   1.1    1.6  1  sp|P60507|EFC1_HUMAN   Endogenous retrovirus group FC1 Env polyprotein OS=Homo sapiens OX=9606 GN=ERVFC1 PE=1 SV=1
    2.6e-08   35.7   1.0    4.9e-08   34.8   1.0    1.5  1  sp|P60608|EFC2_HUMAN   Endogenous retrovirus group FC1 member 1 Env polyprotein OS=Homo sapiens OX=9606 GN=ERVFC1-1 PE=1 SV=1


Domain annotation for each sequence (and alignments):
>> sp|Q9N2K0|ENH1_HUMAN  HERV-H_2q24.3 provirus ancestral Env polyprotein OS=Homo sapiens OX=9606 PE=2 SV=1
   #    score  bias  c-Evalue  i-Evalue hmmfrom  hmm to    alifrom  ali to    envfrom  env to     acc
 ---   ------ ----- --------- --------- ------- -------    ------- -------    ------- -------    ----
   1 !   64.4   3.9   1.9e-21   2.8e-17       1      30 []     456     485 ..     456     485 .. 0.99

  Alignments for each domain:
  == domain 1  score: 64.4 bits;  conditional E-value: 1.9e-21
              thalamus   1 NRRGLdLLTAErGGLCIFLeEECCFDHNQs 30 
                           NRRGLdLLTAE+GGLCIFL+EECCF  NQs
  sp|Q9N2K0|ENH1_HUMAN 456 NRRGLDLLTAEKGGLCIFLNEECCFYLNQS 485
                           9****************************8 PP

>> sp|Q9UQF0|SYCY1_HUMAN  Syncytin-1 OS=Homo sapiens OX=9606 GN=ERVW-1 PE=1 SV=1
   #    score  bias  c-Evalue  i-Evalue hmmfrom  hmm to    alifrom  ali to    envfrom  env to     acc
 ---   ------ ----- --------- --------- ------- -------    ------- -------    ------- -------    ----
   1 !   54.0   1.9   3.4e-18   5.1e-14       1      30 []     382     411 ..     382     411 .. 0.98

  Alignments for each domain:
  == domain 1  score: 54.0 bits;  conditional E-value: 3.4e-18
               thalamus   1 NRRGLdLLTAErGGLCIFLeEECCFDHNQs 30 
                            NRR LdLLTAErGG C+FL+EECC+  NQs
  sp|Q9UQF0|SYCY1_HUMAN 382 NRRALDLLTAERGGTCLFLGEECCYYVNQS 411
                            9****************************8 PP

>> sp|P60508|SYCY2_HUMAN  Syncytin-2 OS=Homo sapiens OX=9606 GN=ERVFRD-1 PE=1 SV=1
   #    score  bias  c-Evalue  i-Evalue hmmfrom  hmm to    alifrom  ali to    envfrom  env to     acc
 ---   ------ ----- --------- --------- ------- -------    ------- -------    ------- -------    ----
   1 !   47.1   0.3   4.9e-16   7.3e-12       1      30 []     416     445 ..     416     445 .. 0.98

  Alignments for each domain:
  == domain 1  score: 47.1 bits;  conditional E-value: 4.9e-16
               thalamus   1 NRRGLdLLTAErGGLCIFLeEECCFDHNQs 30 
                            NRRGLd+LTA +GG+C+ L+E CCF  NQs
  sp|P60508|SYCY2_HUMAN 416 NRRGLDMLTAAQGGICLALDEKCCFWVNQS 445
                            9****************************8 PP

>> sp|P60507|EFC1_HUMAN  Endogenous retrovirus group FC1 Env polyprotein OS=Homo sapiens OX=9606 GN=ERVFC1 PE=1 SV=1
   #    score  bias  c-Evalue  i-Evalue hmmfrom  hmm to    alifrom  ali to    envfrom  env to     acc
 ---   ------ ----- --------- --------- ------- -------    ------- -------    ------- -------    ----
   1 !   46.6   1.1     7e-16     1e-11       1      28 [.     451     478 ..     451     480 .. 0.93

  Alignments for each domain:
  == domain 1  score: 46.6 bits;  conditional E-value: 7e-16
              thalamus   1 NRRGLdLLTAErGGLCIFLeEECCFDHN 28 
                           NRR LdLLTA++GG C+FL+EECC+  N
  sp|P60507|EFC1_HUMAN 451 NRRALDLLTADKGGTCMFLGEECCYYIN 478
                           9***********************9766 PP

>> sp|P60608|EFC2_HUMAN  Endogenous retrovirus group FC1 member 1 Env polyprotein OS=Homo sapiens OX=9606 GN=ERVFC1-1 PE=1 SV=1
   #    score  bias  c-Evalue  i-Evalue hmmfrom  hmm to    alifrom  ali to    envfrom  env to     acc
 ---   ------ ----- --------- --------- ------- -------    ------- -------    ------- -------    ----
   1 !   34.8   1.0   3.3e-12   4.9e-08       1      28 [.     479     506 ..     479     508 .. 0.93

  Alignments for each domain:
  == domain 1  score: 34.8 bits;  conditional E-value: 3.3e-12
              thalamus   1 NRRGLdLLTAErGGLCIFLeEECCFDHN 28 
                           NR  LdLL AE+G  C+FL+EECC+  N
  sp|P60608|EFC2_HUMAN 479 NRQALDLLMAEKGRTCLFLQEECCYYLN 506
                           9***********************9766 PP



Internal pipeline statistics summary:
-------------------------------------
Query model(s):                              1  (30 nodes)
Target sequences:                        74449  (25380033 residues searched)
Passed MSV filter:                     74449  (1); expected 74449.0 (1)
Passed bias filter:                    74449  (1); expected 74449.0 (1)
Passed Vit filter:                     74449  (1); expected 74449.0 (1)
Passed Fwd filter:                     74449  (1); expected 74449.0 (1)
Initial search space (Z):              74449  [actual number of targets]
Domain search space  (domZ):               5  [number of targets reported over threshold]
# CPU time: 7.27u 0.12s 00:00:07.39 Elapsed: 00:00:01.24
# Mc/sec: 614.03
//
[ok]
